# JRE version: OpenJDK Runtime Environment (11.0.13) (build 11.0.13+0-b1751.21-8125866)
# Java VM: OpenJDK 64-Bit Server VM (11.0.13+0-b1751.21-8125866, mixed mode, tiered, compressed oops, g1 gc, windows-amd64)
Heap:
 garbage-first heap   total 312320K, used 198201K [0x0000000080000000, 0x0000000100000000)
  region size 1024K, 1 young (1024K), 1 survivors (1024K)
 Metaspace       used 108934K, capacity 111641K, committed 113200K, reserved 1146880K
  class space    used 13979K, capacity 14999K, committed 15488K, reserved 1048576K
GC Heap History (20 events):
Event: 21.319 GC heap after
{Heap after GC invocations=32 (full 0):
 garbage-first heap   total 260096K, used 178648K [0x0000000080000000, 0x0000000100000000)
  region size 1024K, 5 young (5120K), 5 survivors (5120K)
 Metaspace       used 102062K, capacity 104759K, committed 106544K, reserved 1140736K
  class space    used 13117K, capacity 14132K, committed 14720K, reserved 1048576K
}
Event: 21.530 GC heap before
{Heap before GC invocations=32 (full 0):
 garbage-first heap   total 260096K, used 219608K [0x0000000080000000, 0x0000000100000000)
  region size 1024K, 46 young (47104K), 5 survivors (5120K)
 Metaspace       used 102246K, capacity 105053K, committed 106800K, reserved 1140736K
  class space    used 13122K, capacity 14134K, committed 14720K, reserved 1048576K
}
Event: 21.536 GC heap after
{Heap after GC invocations=33 (full 0):
 garbage-first heap   total 260096K, used 181224K [0x0000000080000000, 0x0000000100000000)
  region size 1024K, 6 young (6144K), 6 survivors (6144K)
 Metaspace       used 102246K, capacity 105053K, committed 106800K, reserved 1140736K
  class space    used 13122K, capacity 14134K, committed 14720K, reserved 1048576K
}
Event: 21.704 GC heap before
{Heap before GC invocations=33 (full 0):
 garbage-first heap   total 260096K, used 219112K [0x0000000080000000, 0x0000000100000000)
  region size 1024K, 44 young (45056K), 6 survivors (6144K)
 Metaspace       used 101971K, capacity 104580K, committed 106800K, reserved 1140736K
  class space    used 13027K, capacity 13967K, committed 14720K, reserved 1048576K
}
Event: 21.709 GC heap after
{Heap after GC invocations=34 (full 0):
 garbage-first heap   total 260096K, used 183320K [0x0000000080000000, 0x0000000100000000)
  region size 1024K, 5 young (5120K), 5 survivors (5120K)
 Metaspace       used 101971K, capacity 104580K, committed 106800K, reserved 1140736K
  class space    used 13027K, capacity 13967K, committed 14720K, reserved 1048576K
}
Event: 21.837 GC heap before
{Heap before GC invocations=35 (full 0):
 garbage-first heap   total 260096K, used 219160K [0x0000000080000000, 0x0000000100000000)
  region size 1024K, 41 young (41984K), 5 survivors (5120K)
 Metaspace       used 102096K, capacity 104716K, committed 106800K, reserved 1140736K
  class space    used 13039K, capacity 13968K, committed 14720K, reserved 1048576K
}
Event: 21.842 GC heap after
{Heap after GC invocations=36 (full 0):
 garbage-first heap   total 260096K, used 185829K [0x0000000080000000, 0x0000000100000000)
  region size 1024K, 6 young (6144K), 6 survivors (6144K)
 Metaspace       used 102096K, capacity 104716K, committed 106800K, reserved 1140736K
  class space    used 13039K, capacity 13968K, committed 14720K, reserved 1048576K
}
Event: 22.068 GC heap before
{Heap before GC invocations=36 (full 0):
 garbage-first heap   total 260096K, used 218597K [0x0000000080000000, 0x0000000100000000)
  region size 1024K, 39 young (39936K), 6 survivors (6144K)
 Metaspace       used 102427K, capacity 105043K, committed 107056K, reserved 1142784K
  class space    used 13073K, capacity 14011K, committed 14720K, reserved 1048576K
}
Event: 22.074 GC heap after
{Heap after GC invocations=37 (full 0):
 garbage-first heap   total 260096K, used 188532K [0x0000000080000000, 0x0000000100000000)
  region size 1024K, 5 young (5120K), 5 survivors (5120K)
 Metaspace       used 102427K, capacity 105043K, committed 107056K, reserved 1142784K
  class space    used 13073K, capacity 14011K, committed 14720K, reserved 1048576K
}
Event: 22.260 GC heap before
{Heap before GC invocations=38 (full 0):
 garbage-first heap   total 260096K, used 219252K [0x0000000080000000, 0x0000000100000000)
  region size 1024K, 36 young (36864K), 5 survivors (5120K)
 Metaspace       used 102481K, capacity 105057K, committed 107056K, reserved 1142784K
  class space    used 13077K, capacity 14015K, committed 14720K, reserved 1048576K
}
Event: 22.265 GC heap after
{Heap after GC invocations=39 (full 0):
 garbage-first heap   total 260096K, used 190729K [0x0000000080000000, 0x0000000100000000)
  region size 1024K, 5 young (5120K), 5 survivors (5120K)
 Metaspace       used 102481K, capacity 105057K, committed 107056K, reserved 1142784K
  class space    used 13077K, capacity 14015K, committed 14720K, reserved 1048576K
}
Event: 22.800 GC heap before
{Heap before GC invocations=39 (full 0):
 garbage-first heap   total 260096K, used 219401K [0x0000000080000000, 0x0000000100000000)
  region size 1024K, 34 young (34816K), 5 survivors (5120K)
 Metaspace       used 105778K, capacity 108401K, committed 110000K, reserved 1144832K
  class space    used 13549K, capacity 14547K, committed 15104K, reserved 1048576K
}
Event: 22.809 GC heap after
{Heap after GC invocations=40 (full 0):
 garbage-first heap   total 260096K, used 192672K [0x0000000080000000, 0x0000000100000000)
  region size 1024K, 3 young (3072K), 3 survivors (3072K)
 Metaspace       used 105778K, capacity 108401K, committed 110000K, reserved 1144832K
  class space    used 13549K, capacity 14547K, committed 15104K, reserved 1048576K
}
Event: 23.078 GC heap before
{Heap before GC invocations=41 (full 0):
 garbage-first heap   total 260096K, used 222368K [0x0000000080000000, 0x0000000100000000)
  region size 1024K, 32 young (32768K), 3 survivors (3072K)
 Metaspace       used 106324K, capacity 108962K, committed 110640K, reserved 1144832K
  class space    used 13620K, capacity 14642K, committed 15232K, reserved 1048576K
}
Event: 23.084 GC heap after
{Heap after GC invocations=42 (full 0):
 garbage-first heap   total 260096K, used 194080K [0x0000000080000000, 0x0000000100000000)
  region size 1024K, 4 young (4096K), 4 survivors (4096K)
 Metaspace       used 106324K, capacity 108962K, committed 110640K, reserved 1144832K
  class space    used 13620K, capacity 14642K, committed 15232K, reserved 1048576K
}
Event: 23.202 GC heap before
{Heap before GC invocations=42 (full 0):
 garbage-first heap   total 260096K, used 202272K [0x0000000080000000, 0x0000000100000000)
  region size 1024K, 12 young (12288K), 4 survivors (4096K)
 Metaspace       used 106481K, capacity 109171K, committed 110896K, reserved 1144832K
  class space    used 13642K, capacity 14646K, committed 15232K, reserved 1048576K
}
Event: 23.207 GC heap after
{Heap after GC invocations=43 (full 0):
 garbage-first heap   total 260096K, used 194266K [0x0000000080000000, 0x0000000100000000)
  region size 1024K, 2 young (2048K), 2 survivors (2048K)
 Metaspace       used 106481K, capacity 109171K, committed 110896K, reserved 1144832K
  class space    used 13642K, capacity 14646K, committed 15232K, reserved 1048576K
}
Event: 23.417 GC heap before
{Heap before GC invocations=43 (full 0):
 garbage-first heap   total 260096K, used 221914K [0x0000000080000000, 0x0000000100000000)
  region size 1024K, 30 young (30720K), 2 survivors (2048K)
 Metaspace       used 107008K, capacity 109657K, committed 111152K, reserved 1144832K
  class space    used 13724K, capacity 14743K, committed 15232K, reserved 1048576K
}
Event: 23.424 GC heap after
{Heap after GC invocations=44 (full 0):
 garbage-first heap   total 260096K, used 197429K [0x0000000080000000, 0x0000000100000000)
  region size 1024K, 4 young (4096K), 4 survivors (4096K)
 Metaspace       used 107008K, capacity 109657K, committed 111152K, reserved 1144832K
  class space    used 13724K, capacity 14743K, committed 15232K, reserved 1048576K
}
Event: 23.751 GC heap before
{Heap before GC invocations=45 (full 0):
 garbage-first heap   total 260096K, used 224053K [0x0000000080000000, 0x0000000100000000)
  region size 1024K, 30 young (30720K), 4 survivors (4096K)
 Metaspace       used 108934K, capacity 111641K, committed 113200K, reserved 1146880K
  class space    used 13979K, capacity 14999K, committed 15488K, reserved 1048576K
}

