# JRE version: OpenJDK Runtime Environment (11.0.13) (build 11.0.13+0-b1751.21-8125866)
# Java VM: OpenJDK 64-Bit Server VM (11.0.13+0-b1751.21-8125866, mixed mode, tiered, compressed oops, g1 gc, windows-amd64)
Heap:
 garbage-first heap   total 312320K, used 203815K [0x0000000080000000, 0x0000000100000000)
  region size 1024K, 1 young (1024K), 1 survivors (1024K)
 Metaspace       used 118262K, capacity 121111K, committed 122908K, reserved 1155072K
  class space    used 15118K, capacity 16190K, committed 16748K, reserved 1048576K
GC Heap History (20 events):
Event: 21.214 GC heap after
{Heap after GC invocations=37 (full 0):
 garbage-first heap   total 260096K, used 190613K [0x0000000080000000, 0x0000000100000000)
  region size 1024K, 5 young (5120K), 5 survivors (5120K)
 Metaspace       used 107841K, capacity 110493K, committed 112796K, reserved 1146880K
  class space    used 13800K, capacity 14764K, committed 15596K, reserved 1048576K
}
Event: 21.416 GC heap before
{Heap before GC invocations=38 (full 0):
 garbage-first heap   total 260096K, used 220309K [0x0000000080000000, 0x0000000100000000)
  region size 1024K, 35 young (35840K), 5 survivors (5120K)
 Metaspace       used 107914K, capacity 110608K, committed 112796K, reserved 1146880K
  class space    used 13807K, capacity 14801K, committed 15596K, reserved 1048576K
}
Event: 21.420 GC heap after
{Heap after GC invocations=39 (full 0):
 garbage-first heap   total 260096K, used 192891K [0x0000000080000000, 0x0000000100000000)
  region size 1024K, 5 young (5120K), 5 survivors (5120K)
 Metaspace       used 107914K, capacity 110608K, committed 112796K, reserved 1146880K
  class space    used 13807K, capacity 14801K, committed 15596K, reserved 1048576K
}
Event: 21.673 GC heap before
{Heap before GC invocations=39 (full 0):
 garbage-first heap   total 260096K, used 221563K [0x0000000080000000, 0x0000000100000000)
  region size 1024K, 33 young (33792K), 5 survivors (5120K)
 Metaspace       used 108608K, capacity 111303K, committed 113692K, reserved 1146880K
  class space    used 13897K, capacity 14904K, committed 15724K, reserved 1048576K
}
Event: 21.677 GC heap after
{Heap after GC invocations=40 (full 0):
 garbage-first heap   total 260096K, used 194968K [0x0000000080000000, 0x0000000100000000)
  region size 1024K, 3 young (3072K), 3 survivors (3072K)
 Metaspace       used 108608K, capacity 111303K, committed 113692K, reserved 1146880K
  class space    used 13897K, capacity 14904K, committed 15724K, reserved 1048576K
}
Event: 22.075 GC heap before
{Heap before GC invocations=41 (full 0):
 garbage-first heap   total 260096K, used 221592K [0x0000000080000000, 0x0000000100000000)
  region size 1024K, 30 young (30720K), 3 survivors (3072K)
 Metaspace       used 111473K, capacity 114225K, committed 115996K, reserved 1148928K
  class space    used 14315K, capacity 15399K, committed 15980K, reserved 1048576K
}
Event: 22.079 GC heap after
{Heap after GC invocations=42 (full 0):
 garbage-first heap   total 260096K, used 196802K [0x0000000080000000, 0x0000000100000000)
  region size 1024K, 2 young (2048K), 2 survivors (2048K)
 Metaspace       used 111473K, capacity 114225K, committed 115996K, reserved 1148928K
  class space    used 14315K, capacity 15399K, committed 15980K, reserved 1048576K
}
Event: 22.294 GC heap before
{Heap before GC invocations=42 (full 0):
 garbage-first heap   total 260096K, used 222402K [0x0000000080000000, 0x0000000100000000)
  region size 1024K, 28 young (28672K), 2 survivors (2048K)
 Metaspace       used 111966K, capacity 114798K, committed 116636K, reserved 1150976K
  class space    used 14375K, capacity 15435K, committed 16108K, reserved 1048576K
}
Event: 22.299 GC heap after
{Heap after GC invocations=43 (full 0):
 garbage-first heap   total 260096K, used 199664K [0x0000000080000000, 0x0000000100000000)
  region size 1024K, 4 young (4096K), 4 survivors (4096K)
 Metaspace       used 111966K, capacity 114798K, committed 116636K, reserved 1150976K
  class space    used 14375K, capacity 15435K, committed 16108K, reserved 1048576K
}
Event: 22.448 GC heap before
{Heap before GC invocations=43 (full 0):
 garbage-first heap   total 260096K, used 224240K [0x0000000080000000, 0x0000000100000000)
  region size 1024K, 29 young (29696K), 4 survivors (4096K)
 Metaspace       used 112451K, capacity 115284K, committed 117148K, reserved 1150976K
  class space    used 14454K, capacity 15532K, committed 16108K, reserved 1048576K
}
Event: 22.453 GC heap after
{Heap after GC invocations=44 (full 0):
 garbage-first heap   total 260096K, used 202668K [0x0000000080000000, 0x0000000100000000)
  region size 1024K, 4 young (4096K), 4 survivors (4096K)
 Metaspace       used 112451K, capacity 115284K, committed 117148K, reserved 1150976K
  class space    used 14454K, capacity 15532K, committed 16108K, reserved 1048576K
}
Event: 22.659 GC heap before
{Heap before GC invocations=45 (full 0):
 garbage-first heap   total 260096K, used 224172K [0x0000000080000000, 0x0000000100000000)
  region size 1024K, 25 young (25600K), 4 survivors (4096K)
 Metaspace       used 114045K, capacity 116852K, committed 118684K, reserved 1150976K
  class space    used 14657K, capacity 15756K, committed 16364K, reserved 1048576K
}
Event: 22.663 GC heap after
{Heap after GC invocations=46 (full 0):
 garbage-first heap   total 260096K, used 203256K [0x0000000080000000, 0x0000000100000000)
  region size 1024K, 1 young (1024K), 1 survivors (1024K)
 Metaspace       used 114045K, capacity 116852K, committed 118684K, reserved 1150976K
  class space    used 14657K, capacity 15756K, committed 16364K, reserved 1048576K
}
Event: 22.779 GC heap before
{Heap before GC invocations=46 (full 0):
 garbage-first heap   total 260096K, used 214520K [0x0000000080000000, 0x0000000100000000)
  region size 1024K, 12 young (12288K), 1 survivors (1024K)
 Metaspace       used 114891K, capacity 117716K, committed 119580K, reserved 1153024K
  class space    used 14759K, capacity 15852K, committed 16492K, reserved 1048576K
}
Event: 22.783 GC heap after
{Heap after GC invocations=47 (full 0):
 garbage-first heap   total 260096K, used 200753K [0x0000000080000000, 0x0000000100000000)
  region size 1024K, 1 young (1024K), 1 survivors (1024K)
 Metaspace       used 114891K, capacity 117716K, committed 119580K, reserved 1153024K
  class space    used 14759K, capacity 15852K, committed 16492K, reserved 1048576K
}
Event: 23.065 GC heap before
{Heap before GC invocations=47 (full 0):
 garbage-first heap   total 260096K, used 224305K [0x0000000080000000, 0x0000000100000000)
  region size 1024K, 24 young (24576K), 1 survivors (1024K)
 Metaspace       used 116595K, capacity 119444K, committed 121244K, reserved 1155072K
  class space    used 14945K, capacity 16044K, committed 16620K, reserved 1048576K
}
Event: 23.073 GC heap after
{Heap after GC invocations=48 (full 0):
 garbage-first heap   total 260096K, used 202164K [0x0000000080000000, 0x0000000100000000)
  region size 1024K, 2 young (2048K), 2 survivors (2048K)
 Metaspace       used 116595K, capacity 119444K, committed 121244K, reserved 1155072K
  class space    used 14945K, capacity 16044K, committed 16620K, reserved 1048576K
}
Event: 23.445 GC heap before
{Heap before GC invocations=49 (full 0):
 garbage-first heap   total 260096K, used 224692K [0x0000000080000000, 0x0000000100000000)
  region size 1024K, 25 young (25600K), 2 survivors (2048K)
 Metaspace       used 117783K, capacity 120688K, committed 122396K, reserved 1155072K
  class space    used 15065K, capacity 16116K, committed 16748K, reserved 1048576K
}
Event: 23.450 GC heap after
{Heap after GC invocations=50 (full 0):
 garbage-first heap   total 260096K, used 204916K [0x0000000080000000, 0x0000000100000000)
  region size 1024K, 4 young (4096K), 4 survivors (4096K)
 Metaspace       used 117783K, capacity 120688K, committed 122396K, reserved 1155072K
  class space    used 15065K, capacity 16116K, committed 16748K, reserved 1048576K
}
Event: 23.618 GC heap before
{Heap before GC invocations=50 (full 0):
 garbage-first heap   total 260096K, used 213108K [0x0000000080000000, 0x0000000100000000)
  region size 1024K, 12 young (12288K), 4 survivors (4096K)
 Metaspace       used 118262K, capacity 121111K, committed 122908K, reserved 1155072K
  class space    used 15118K, capacity 16190K, committed 16748K, reserved 1048576K
}

