# JRE version: OpenJDK Runtime Environment (11.0.13) (build 11.0.13+0-b1751.21-8125866)
# Java VM: OpenJDK 64-Bit Server VM (11.0.13+0-b1751.21-8125866, mixed mode, tiered, compressed oops, g1 gc, windows-amd64)
Heap:
 garbage-first heap   total 419840K, used 279408K [0x0000000080000000, 0x0000000100000000)
  region size 1024K, 2 young (2048K), 2 survivors (2048K)
 Metaspace       used 108561K, capacity 111223K, committed 112136K, reserved 1146880K
  class space    used 13468K, capacity 14414K, committed 14776K, reserved 1048576K
GC Heap History (20 events):
Event: 30.898 GC heap after
{Heap after GC invocations=39 (full 0):
 garbage-first heap   total 260096K, used 218844K [0x0000000080000000, 0x0000000100000000)
  region size 1024K, 2 young (2048K), 2 survivors (2048K)
 Metaspace       used 103812K, capacity 106388K, committed 107400K, reserved 1142784K
  class space    used 12836K, capacity 13748K, committed 14136K, reserved 1048576K
}
Event: 31.076 GC heap before
{Heap before GC invocations=40 (full 0):
 garbage-first heap   total 260096K, used 229084K [0x0000000080000000, 0x0000000100000000)
  region size 1024K, 12 young (12288K), 2 survivors (2048K)
 Metaspace       used 104632K, capacity 107142K, committed 108040K, reserved 1142784K
  class space    used 12933K, capacity 13849K, committed 14264K, reserved 1048576K
}
Event: 31.078 GC heap after
{Heap after GC invocations=41 (full 0):
 garbage-first heap   total 260096K, used 220191K [0x0000000080000000, 0x0000000100000000)
  region size 1024K, 2 young (2048K), 2 survivors (2048K)
 Metaspace       used 104632K, capacity 107142K, committed 108040K, reserved 1142784K
  class space    used 12933K, capacity 13849K, committed 14264K, reserved 1048576K
}
Event: 31.250 GC heap before
{Heap before GC invocations=41 (full 0):
 garbage-first heap   total 260096K, used 231455K [0x0000000080000000, 0x0000000100000000)
  region size 1024K, 12 young (12288K), 2 survivors (2048K)
 Metaspace       used 105784K, capacity 108300K, committed 109192K, reserved 1144832K
  class space    used 13136K, capacity 14042K, committed 14392K, reserved 1048576K
}
Event: 31.252 GC heap after
{Heap after GC invocations=42 (full 0):
 garbage-first heap   total 260096K, used 222909K [0x0000000080000000, 0x0000000100000000)
  region size 1024K, 2 young (2048K), 2 survivors (2048K)
 Metaspace       used 105784K, capacity 108300K, committed 109192K, reserved 1144832K
  class space    used 13136K, capacity 14042K, committed 14392K, reserved 1048576K
}
Event: 31.466 GC heap before
{Heap before GC invocations=42 (full 0):
 garbage-first heap   total 260096K, used 232125K [0x0000000080000000, 0x0000000100000000)
  region size 1024K, 12 young (12288K), 2 survivors (2048K)
 Metaspace       used 107518K, capacity 110175K, committed 110984K, reserved 1146880K
  class space    used 13372K, capacity 14344K, committed 14648K, reserved 1048576K
}
Event: 31.469 GC heap after
{Heap after GC invocations=43 (full 0):
 garbage-first heap   total 260096K, used 224207K [0x0000000080000000, 0x0000000100000000)
  region size 1024K, 2 young (2048K), 2 survivors (2048K)
 Metaspace       used 107518K, capacity 110175K, committed 110984K, reserved 1146880K
  class space    used 13372K, capacity 14344K, committed 14648K, reserved 1048576K
}
Event: 31.727 GC heap before
{Heap before GC invocations=43 (full 0):
 garbage-first heap   total 260096K, used 235471K [0x0000000080000000, 0x0000000100000000)
  region size 1024K, 12 young (12288K), 2 survivors (2048K)
 Metaspace       used 108473K, capacity 111155K, committed 112136K, reserved 1146880K
  class space    used 13468K, capacity 14414K, committed 14776K, reserved 1048576K
}
Event: 31.731 GC heap after
{Heap after GC invocations=44 (full 0):
 garbage-first heap   total 260096K, used 225476K [0x0000000080000000, 0x0000000100000000)
  region size 1024K, 2 young (2048K), 2 survivors (2048K)
 Metaspace       used 108473K, capacity 111155K, committed 112136K, reserved 1146880K
  class space    used 13468K, capacity 14414K, committed 14776K, reserved 1048576K
}
Event: 31.811 GC heap before
{Heap before GC invocations=45 (full 0):
 garbage-first heap   total 260096K, used 235716K [0x0000000080000000, 0x0000000100000000)
  region size 1024K, 12 young (12288K), 2 survivors (2048K)
 Metaspace       used 108524K, capacity 111223K, committed 112136K, reserved 1146880K
  class space    used 13468K, capacity 14414K, committed 14776K, reserved 1048576K
}
Event: 31.815 GC heap after
{Heap after GC invocations=46 (full 0):
 garbage-first heap   total 312320K, used 226327K [0x0000000080000000, 0x0000000100000000)
  region size 1024K, 1 young (1024K), 1 survivors (1024K)
 Metaspace       used 108524K, capacity 111223K, committed 112136K, reserved 1146880K
  class space    used 13468K, capacity 14414K, committed 14776K, reserved 1048576K
}
Event: 31.997 GC heap before
{Heap before GC invocations=46 (full 0):
 garbage-first heap   total 312320K, used 240663K [0x0000000080000000, 0x0000000100000000)
  region size 1024K, 15 young (15360K), 1 survivors (1024K)
 Metaspace       used 108560K, capacity 111223K, committed 112136K, reserved 1146880K
  class space    used 13468K, capacity 14414K, committed 14776K, reserved 1048576K
}
Event: 32.004 GC heap after
{Heap after GC invocations=47 (full 0):
 garbage-first heap   total 312320K, used 237435K [0x0000000080000000, 0x0000000100000000)
  region size 1024K, 2 young (2048K), 2 survivors (2048K)
 Metaspace       used 108560K, capacity 111223K, committed 112136K, reserved 1146880K
  class space    used 13468K, capacity 14414K, committed 14776K, reserved 1048576K
}
Event: 32.147 GC heap before
{Heap before GC invocations=47 (full 0):
 garbage-first heap   total 312320K, used 252795K [0x0000000080000000, 0x0000000100000000)
  region size 1024K, 18 young (18432K), 2 survivors (2048K)
 Metaspace       used 108560K, capacity 111223K, committed 112136K, reserved 1146880K
  class space    used 13468K, capacity 14414K, committed 14776K, reserved 1048576K
}
Event: 32.156 GC heap after
{Heap after GC invocations=48 (full 0):
 garbage-first heap   total 312320K, used 252711K [0x0000000080000000, 0x0000000100000000)
  region size 1024K, 3 young (3072K), 3 survivors (3072K)
 Metaspace       used 108560K, capacity 111223K, committed 112136K, reserved 1146880K
  class space    used 13468K, capacity 14414K, committed 14776K, reserved 1048576K
}
Event: 32.197 GC heap before
{Heap before GC invocations=48 (full 0):
 garbage-first heap   total 312320K, used 264999K [0x0000000080000000, 0x0000000100000000)
  region size 1024K, 15 young (15360K), 3 survivors (3072K)
 Metaspace       used 108561K, capacity 111223K, committed 112136K, reserved 1146880K
  class space    used 13468K, capacity 14414K, committed 14776K, reserved 1048576K
}
Event: 32.205 GC heap after
{Heap after GC invocations=49 (full 0):
 garbage-first heap   total 312320K, used 262505K [0x0000000080000000, 0x0000000100000000)
  region size 1024K, 2 young (2048K), 2 survivors (2048K)
 Metaspace       used 108561K, capacity 111223K, committed 112136K, reserved 1146880K
  class space    used 13468K, capacity 14414K, committed 14776K, reserved 1048576K
}
Event: 32.262 GC heap before
{Heap before GC invocations=49 (full 0):
 garbage-first heap   total 312320K, used 275817K [0x0000000080000000, 0x0000000100000000)
  region size 1024K, 15 young (15360K), 2 survivors (2048K)
 Metaspace       used 108561K, capacity 111223K, committed 112136K, reserved 1146880K
  class space    used 13468K, capacity 14414K, committed 14776K, reserved 1048576K
}
Event: 32.269 GC heap after
{Heap after GC invocations=50 (full 0):
 garbage-first heap   total 312320K, used 272854K [0x0000000080000000, 0x0000000100000000)
  region size 1024K, 2 young (2048K), 2 survivors (2048K)
 Metaspace       used 108561K, capacity 111223K, committed 112136K, reserved 1146880K
  class space    used 13468K, capacity 14414K, committed 14776K, reserved 1048576K
}
Event: 32.338 GC heap before
{Heap before GC invocations=50 (full 0):
 garbage-first heap   total 312320K, used 286166K [0x0000000080000000, 0x0000000100000000)
  region size 1024K, 15 young (15360K), 2 survivors (2048K)
 Metaspace       used 108561K, capacity 111223K, committed 112136K, reserved 1146880K
  class space    used 13468K, capacity 14414K, committed 14776K, reserved 1048576K
}

