# JRE version: OpenJDK Runtime Environment (11.0.13) (build 11.0.13+0-b1751.21-8125866)
# Java VM: OpenJDK 64-Bit Server VM (11.0.13+0-b1751.21-8125866, mixed mode, tiered, compressed oops, g1 gc, windows-amd64)
Heap:
 garbage-first heap   total 260096K, used 174637K [0x0000000080000000, 0x0000000100000000)
  region size 1024K, 34 young (34816K), 11 survivors (11264K)
 Metaspace       used 84569K, capacity 86916K, committed 87216K, reserved 1124352K
  class space    used 10853K, capacity 11694K, committed 11776K, reserved 1048576K
GC Heap History (20 events):
Event: 6.282 GC heap before
{Heap before GC invocations=4 (full 0):
 garbage-first heap   total 260096K, used 109942K [0x0000000080000000, 0x0000000100000000)
  region size 1024K, 79 young (80896K), 2 survivors (2048K)
 Metaspace       used 30560K, capacity 31419K, committed 31536K, reserved 1077248K
  class space    used 4017K, capacity 4363K, committed 4480K, reserved 1048576K
}
Event: 6.286 GC heap after
{Heap after GC invocations=5 (full 0):
 garbage-first heap   total 260096K, used 36219K [0x0000000080000000, 0x0000000100000000)
  region size 1024K, 7 young (7168K), 7 survivors (7168K)
 Metaspace       used 30560K, capacity 31419K, committed 31536K, reserved 1077248K
  class space    used 4017K, capacity 4363K, committed 4480K, reserved 1048576K
}
Event: 7.141 GC heap before
{Heap before GC invocations=5 (full 0):
 garbage-first heap   total 260096K, used 68987K [0x0000000080000000, 0x0000000100000000)
  region size 1024K, 40 young (40960K), 7 survivors (7168K)
 Metaspace       used 34903K, capacity 35854K, committed 35888K, reserved 1081344K
  class space    used 4599K, capacity 4966K, committed 4992K, reserved 1048576K
}
Event: 7.151 GC heap after
{Heap after GC invocations=6 (full 0):
 garbage-first heap   total 260096K, used 38059K [0x0000000080000000, 0x0000000100000000)
  region size 1024K, 9 young (9216K), 9 survivors (9216K)
 Metaspace       used 34903K, capacity 35854K, committed 35888K, reserved 1081344K
  class space    used 4599K, capacity 4966K, committed 4992K, reserved 1048576K
}
Event: 9.176 GC heap before
{Heap before GC invocations=7 (full 0):
 garbage-first heap   total 260096K, used 168107K [0x0000000080000000, 0x0000000100000000)
  region size 1024K, 122 young (124928K), 9 survivors (9216K)
 Metaspace       used 45420K, capacity 46573K, committed 46896K, reserved 1089536K
  class space    used 5752K, capacity 6202K, committed 6272K, reserved 1048576K
}
Event: 9.187 GC heap after
{Heap after GC invocations=8 (full 0):
 garbage-first heap   total 260096K, used 61017K [0x0000000080000000, 0x0000000100000000)
  region size 1024K, 16 young (16384K), 16 survivors (16384K)
 Metaspace       used 45420K, capacity 46573K, committed 46896K, reserved 1089536K
  class space    used 5752K, capacity 6202K, committed 6272K, reserved 1048576K
}
Event: 10.846 GC heap before
{Heap before GC invocations=8 (full 0):
 garbage-first heap   total 260096K, used 179801K [0x0000000080000000, 0x0000000100000000)
  region size 1024K, 127 young (130048K), 16 survivors (16384K)
 Metaspace       used 51846K, capacity 53475K, committed 53680K, reserved 1095680K
  class space    used 6571K, capacity 7106K, committed 7168K, reserved 1048576K
}
Event: 10.858 GC heap after
{Heap after GC invocations=9 (full 0):
 garbage-first heap   total 260096K, used 74138K [0x0000000080000000, 0x0000000100000000)
  region size 1024K, 8 young (8192K), 8 survivors (8192K)
 Metaspace       used 51846K, capacity 53475K, committed 53680K, reserved 1095680K
  class space    used 6571K, capacity 7106K, committed 7168K, reserved 1048576K
}
Event: 12.436 GC heap before
{Heap before GC invocations=9 (full 0):
 garbage-first heap   total 260096K, used 183706K [0x0000000080000000, 0x0000000100000000)
  region size 1024K, 106 young (108544K), 8 survivors (8192K)
 Metaspace       used 58327K, capacity 60100K, committed 60208K, reserved 1101824K
  class space    used 7378K, capacity 7979K, committed 8064K, reserved 1048576K
}
Event: 12.450 GC heap after
{Heap after GC invocations=10 (full 0):
 garbage-first heap   total 260096K, used 97280K [0x0000000080000000, 0x0000000100000000)
  region size 1024K, 15 young (15360K), 15 survivors (15360K)
 Metaspace       used 58327K, capacity 60100K, committed 60208K, reserved 1101824K
  class space    used 7378K, capacity 7979K, committed 8064K, reserved 1048576K
}
Event: 14.002 GC heap before
{Heap before GC invocations=11 (full 0):
 garbage-first heap   total 260096K, used 193536K [0x0000000080000000, 0x0000000100000000)
  region size 1024K, 109 young (111616K), 15 survivors (15360K)
 Metaspace       used 68655K, capacity 70483K, committed 70704K, reserved 1110016K
  class space    used 8659K, capacity 9318K, committed 9344K, reserved 1048576K
}
Event: 14.011 GC heap after
{Heap after GC invocations=12 (full 0):
 garbage-first heap   total 260096K, used 103952K [0x0000000080000000, 0x0000000100000000)
  region size 1024K, 7 young (7168K), 7 survivors (7168K)
 Metaspace       used 68655K, capacity 70483K, committed 70704K, reserved 1110016K
  class space    used 8659K, capacity 9318K, committed 9344K, reserved 1048576K
}
Event: 15.086 GC heap before
{Heap before GC invocations=12 (full 0):
 garbage-first heap   total 260096K, used 199184K [0x0000000080000000, 0x0000000100000000)
  region size 1024K, 100 young (102400K), 7 survivors (7168K)
 Metaspace       used 72856K, capacity 74834K, committed 74928K, reserved 1114112K
  class space    used 9203K, capacity 9930K, committed 9984K, reserved 1048576K
}
Event: 15.092 GC heap after
{Heap after GC invocations=13 (full 0):
 garbage-first heap   total 260096K, used 110371K [0x0000000080000000, 0x0000000100000000)
  region size 1024K, 13 young (13312K), 13 survivors (13312K)
 Metaspace       used 72856K, capacity 74834K, committed 74928K, reserved 1114112K
  class space    used 9203K, capacity 9930K, committed 9984K, reserved 1048576K
}
Event: 16.624 GC heap before
{Heap before GC invocations=13 (full 0):
 garbage-first heap   total 260096K, used 203555K [0x0000000080000000, 0x0000000100000000)
  region size 1024K, 104 young (106496K), 13 survivors (13312K)
 Metaspace       used 80126K, capacity 82314K, committed 82480K, reserved 1120256K
  class space    used 10351K, capacity 11130K, committed 11136K, reserved 1048576K
}
Event: 16.636 GC heap after
{Heap after GC invocations=14 (full 0):
 garbage-first heap   total 260096K, used 116470K [0x0000000080000000, 0x0000000100000000)
  region size 1024K, 13 young (13312K), 13 survivors (13312K)
 Metaspace       used 80126K, capacity 82314K, committed 82480K, reserved 1120256K
  class space    used 10351K, capacity 11130K, committed 11136K, reserved 1048576K
}
Event: 17.062 GC heap before
{Heap before GC invocations=14 (full 0):
 garbage-first heap   total 260096K, used 153334K [0x0000000080000000, 0x0000000100000000)
  region size 1024K, 38 young (38912K), 13 survivors (13312K)
 Metaspace       used 81397K, capacity 83430K, committed 83632K, reserved 1122304K
  class space    used 10511K, capacity 11246K, committed 11264K, reserved 1048576K
}
Event: 17.077 GC heap after
{Heap after GC invocations=15 (full 0):
 garbage-first heap   total 260096K, used 135712K [0x0000000080000000, 0x0000000100000000)
  region size 1024K, 12 young (12288K), 12 survivors (12288K)
 Metaspace       used 81397K, capacity 83430K, committed 83632K, reserved 1122304K
  class space    used 10511K, capacity 11246K, committed 11264K, reserved 1048576K
}
Event: 26.983 GC heap before
{Heap before GC invocations=16 (full 0):
 garbage-first heap   total 260096K, used 216608K [0x0000000080000000, 0x0000000100000000)
  region size 1024K, 82 young (83968K), 12 survivors (12288K)
 Metaspace       used 84274K, capacity 86578K, committed 86704K, reserved 1124352K
  class space    used 10839K, capacity 11667K, committed 11776K, reserved 1048576K
}
Event: 26.990 GC heap after
{Heap after GC invocations=17 (full 0):
 garbage-first heap   total 260096K, used 152109K [0x0000000080000000, 0x0000000100000000)
  region size 1024K, 11 young (11264K), 11 survivors (11264K)
 Metaspace       used 84274K, capacity 86578K, committed 86704K, reserved 1124352K
  class space    used 10839K, capacity 11667K, committed 11776K, reserved 1048576K
}

