# JRE version: OpenJDK Runtime Environment (11.0.13) (build 11.0.13+0-b1751.21-8125866)
# Java VM: OpenJDK 64-Bit Server VM (11.0.13+0-b1751.21-8125866, mixed mode, tiered, compressed oops, g1 gc, windows-amd64)
Heap:
 garbage-first heap   total 260096K, used 166631K [0x0000000080000000, 0x0000000100000000)
  region size 1024K, 14 young (14336K), 9 survivors (9216K)
 Metaspace       used 97226K, capacity 100388K, committed 100560K, reserved 1136640K
  class space    used 12671K, capacity 13873K, committed 13952K, reserved 1048576K
GC Heap History (20 events):
Event: 13.830 GC heap before
{Heap before GC invocations=11 (full 0):
 garbage-first heap   total 260096K, used 169526K [0x0000000080000000, 0x0000000100000000)
  region size 1024K, 111 young (113664K), 9 survivors (9216K)
 Metaspace       used 74614K, capacity 76377K, committed 76624K, reserved 1116160K
  class space    used 9553K, capacity 10219K, committed 10240K, reserved 1048576K
}
Event: 13.839 GC heap after
{Heap after GC invocations=12 (full 0):
 garbage-first heap   total 260096K, used 72484K [0x0000000080000000, 0x0000000100000000)
  region size 1024K, 14 young (14336K), 14 survivors (14336K)
 Metaspace       used 74614K, capacity 76377K, committed 76624K, reserved 1116160K
  class space    used 9553K, capacity 10219K, committed 10240K, reserved 1048576K
}
Event: 15.232 GC heap before
{Heap before GC invocations=12 (full 0):
 garbage-first heap   total 260096K, used 177956K [0x0000000080000000, 0x0000000100000000)
  region size 1024K, 117 young (119808K), 14 survivors (14336K)
 Metaspace       used 80707K, capacity 82606K, committed 82896K, reserved 1122304K
  class space    used 10375K, capacity 11097K, committed 11136K, reserved 1048576K
}
Event: 15.243 GC heap after
{Heap after GC invocations=13 (full 0):
 garbage-first heap   total 260096K, used 80191K [0x0000000080000000, 0x0000000100000000)
  region size 1024K, 15 young (15360K), 15 survivors (15360K)
 Metaspace       used 80707K, capacity 82606K, committed 82896K, reserved 1122304K
  class space    used 10375K, capacity 11097K, committed 11136K, reserved 1048576K
}
Event: 16.842 GC heap before
{Heap before GC invocations=13 (full 0):
 garbage-first heap   total 260096K, used 185663K [0x0000000080000000, 0x0000000100000000)
  region size 1024K, 118 young (120832K), 15 survivors (15360K)
 Metaspace       used 88521K, capacity 91026K, committed 91088K, reserved 1128448K
  class space    used 11498K, capacity 12408K, committed 12416K, reserved 1048576K
}
Event: 16.854 GC heap after
{Heap after GC invocations=14 (full 0):
 garbage-first heap   total 260096K, used 88388K [0x0000000080000000, 0x0000000100000000)
  region size 1024K, 15 young (15360K), 15 survivors (15360K)
 Metaspace       used 88521K, capacity 91026K, committed 91088K, reserved 1128448K
  class space    used 11498K, capacity 12408K, committed 12416K, reserved 1048576K
}
Event: 17.307 GC heap before
{Heap before GC invocations=14 (full 0):
 garbage-first heap   total 260096K, used 190788K [0x0000000080000000, 0x0000000100000000)
  region size 1024K, 116 young (118784K), 15 survivors (15360K)
 Metaspace       used 89848K, capacity 92788K, committed 93008K, reserved 1130496K
  class space    used 11798K, capacity 12956K, committed 13056K, reserved 1048576K
}
Event: 17.320 GC heap after
{Heap after GC invocations=15 (full 0):
 garbage-first heap   total 260096K, used 97357K [0x0000000080000000, 0x0000000100000000)
  region size 1024K, 9 young (9216K), 9 survivors (9216K)
 Metaspace       used 89848K, capacity 92788K, committed 93008K, reserved 1130496K
  class space    used 11798K, capacity 12956K, committed 13056K, reserved 1048576K
}
Event: 17.663 GC heap before
{Heap before GC invocations=15 (full 0):
 garbage-first heap   total 260096K, used 196685K [0x0000000080000000, 0x0000000100000000)
  region size 1024K, 107 young (109568K), 9 survivors (9216K)
 Metaspace       used 90217K, capacity 93124K, committed 93264K, reserved 1130496K
  class space    used 11799K, capacity 12958K, committed 13056K, reserved 1048576K
}
Event: 17.668 GC heap after
{Heap after GC invocations=16 (full 0):
 garbage-first heap   total 260096K, used 102314K [0x0000000080000000, 0x0000000100000000)
  region size 1024K, 8 young (8192K), 8 survivors (8192K)
 Metaspace       used 90217K, capacity 93124K, committed 93264K, reserved 1130496K
  class space    used 11799K, capacity 12958K, committed 13056K, reserved 1048576K
}
Event: 18.084 GC heap before
{Heap before GC invocations=16 (full 0):
 garbage-first heap   total 260096K, used 201642K [0x0000000080000000, 0x0000000100000000)
  region size 1024K, 105 young (107520K), 8 survivors (8192K)
 Metaspace       used 90602K, capacity 93650K, committed 93776K, reserved 1130496K
  class space    used 11851K, capacity 13022K, committed 13056K, reserved 1048576K
}
Event: 18.092 GC heap after
{Heap after GC invocations=17 (full 0):
 garbage-first heap   total 260096K, used 108497K [0x0000000080000000, 0x0000000100000000)
  region size 1024K, 14 young (14336K), 14 survivors (14336K)
 Metaspace       used 90602K, capacity 93650K, committed 93776K, reserved 1130496K
  class space    used 11851K, capacity 13022K, committed 13056K, reserved 1048576K
}
Event: 18.540 GC heap before
{Heap before GC invocations=17 (full 0):
 garbage-first heap   total 260096K, used 202705K [0x0000000080000000, 0x0000000100000000)
  region size 1024K, 107 young (109568K), 14 survivors (14336K)
 Metaspace       used 92129K, capacity 95130K, committed 95184K, reserved 1132544K
  class space    used 12008K, capacity 13169K, committed 13184K, reserved 1048576K
}
Event: 18.548 GC heap after
{Heap after GC invocations=18 (full 0):
 garbage-first heap   total 260096K, used 114039K [0x0000000080000000, 0x0000000100000000)
  region size 1024K, 10 young (10240K), 10 survivors (10240K)
 Metaspace       used 92129K, capacity 95130K, committed 95184K, reserved 1132544K
  class space    used 12008K, capacity 13169K, committed 13184K, reserved 1048576K
}
Event: 19.197 GC heap before
{Heap before GC invocations=18 (full 0):
 garbage-first heap   total 260096K, used 203127K [0x0000000080000000, 0x0000000100000000)
  region size 1024K, 98 young (100352K), 10 survivors (10240K)
 Metaspace       used 95668K, capacity 98714K, committed 99024K, reserved 1134592K
  class space    used 12423K, capacity 13594K, committed 13696K, reserved 1048576K
}
Event: 19.204 GC heap after
{Heap after GC invocations=19 (full 0):
 garbage-first heap   total 260096K, used 119399K [0x0000000080000000, 0x0000000100000000)
  region size 1024K, 8 young (8192K), 8 survivors (8192K)
 Metaspace       used 95668K, capacity 98714K, committed 99024K, reserved 1134592K
  class space    used 12423K, capacity 13594K, committed 13696K, reserved 1048576K
}
Event: 19.405 GC heap before
{Heap before GC invocations=19 (full 0):
 garbage-first heap   total 260096K, used 206439K [0x0000000080000000, 0x0000000100000000)
  region size 1024K, 94 young (96256K), 8 survivors (8192K)
 Metaspace       used 95750K, capacity 98801K, committed 99024K, reserved 1134592K
  class space    used 12437K, capacity 13602K, committed 13696K, reserved 1048576K
}
Event: 19.412 GC heap after
{Heap after GC invocations=20 (full 0):
 garbage-first heap   total 260096K, used 124520K [0x0000000080000000, 0x0000000100000000)
  region size 1024K, 8 young (8192K), 8 survivors (8192K)
 Metaspace       used 95750K, capacity 98801K, committed 99024K, reserved 1134592K
  class space    used 12437K, capacity 13602K, committed 13696K, reserved 1048576K
}
Event: 19.560 GC heap before
{Heap before GC invocations=20 (full 0):
 garbage-first heap   total 260096K, used 208488K [0x0000000080000000, 0x0000000100000000)
  region size 1024K, 91 young (93184K), 8 survivors (8192K)
 Metaspace       used 96691K, capacity 99815K, committed 100048K, reserved 1136640K
  class space    used 12612K, capacity 13831K, committed 13952K, reserved 1048576K
}
Event: 19.568 GC heap after
{Heap after GC invocations=21 (full 0):
 garbage-first heap   total 260096K, used 150877K [0x0000000080000000, 0x0000000100000000)
  region size 1024K, 12 young (12288K), 12 survivors (12288K)
 Metaspace       used 96691K, capacity 99815K, committed 100048K, reserved 1136640K
  class space    used 12612K, capacity 13831K, committed 13952K, reserved 1048576K
}

