# JRE version: OpenJDK Runtime Environment (11.0.13) (build 11.0.13+0-b1751.21-8125866)
# Java VM: OpenJDK 64-Bit Server VM (11.0.13+0-b1751.21-8125866, mixed mode, tiered, compressed oops, g1 gc, windows-amd64)
Heap:
 garbage-first heap   total 260096K, used 155944K [0x0000000080000000, 0x0000000100000000)
  region size 1024K, 45 young (46080K), 9 survivors (9216K)
 Metaspace       used 79944K, capacity 82026K, committed 82204K, reserved 1120256K
  class space    used 10191K, capacity 10939K, committed 10956K, reserved 1048576K
GC Heap History (20 events):
Event: 3.587 GC heap before
{Heap before GC invocations=1 (full 0):
 garbage-first heap   total 260096K, used 112508K [0x0000000080000000, 0x0000000100000000)
  region size 1024K, 105 young (107520K), 3 survivors (3072K)
 Metaspace       used 20825K, capacity 21170K, committed 21296K, reserved 1069056K
  class space    used 2513K, capacity 2665K, committed 2688K, reserved 1048576K
}
Event: 3.596 GC heap after
{Heap after GC invocations=2 (full 0):
 garbage-first heap   total 260096K, used 17444K [0x0000000080000000, 0x0000000100000000)
  region size 1024K, 12 young (12288K), 12 survivors (12288K)
 Metaspace       used 20825K, capacity 21170K, committed 21296K, reserved 1069056K
  class space    used 2513K, capacity 2665K, committed 2688K, reserved 1048576K
}
Event: 4.050 GC heap before
{Heap before GC invocations=3 (full 0):
 garbage-first heap   total 260096K, used 51236K [0x0000000080000000, 0x0000000100000000)
  region size 1024K, 45 young (46080K), 12 survivors (12288K)
 Metaspace       used 24339K, capacity 24892K, committed 25084K, reserved 1071104K
  class space    used 3058K, capacity 3272K, committed 3404K, reserved 1048576K
}
Event: 4.055 GC heap after
{Heap after GC invocations=4 (full 0):
 garbage-first heap   total 260096K, used 18389K [0x0000000080000000, 0x0000000100000000)
  region size 1024K, 2 young (2048K), 2 survivors (2048K)
 Metaspace       used 24339K, capacity 24892K, committed 25084K, reserved 1071104K
  class space    used 3058K, capacity 3272K, committed 3404K, reserved 1048576K
}
Event: 5.906 GC heap before
{Heap before GC invocations=4 (full 0):
 garbage-first heap   total 260096K, used 145365K [0x0000000080000000, 0x0000000100000000)
  region size 1024K, 110 young (112640K), 2 survivors (2048K)
 Metaspace       used 34904K, capacity 35817K, committed 35964K, reserved 1081344K
  class space    used 4604K, capacity 4975K, committed 5068K, reserved 1048576K
}
Event: 5.920 GC heap after
{Heap after GC invocations=5 (full 0):
 garbage-first heap   total 260096K, used 45629K [0x0000000080000000, 0x0000000100000000)
  region size 1024K, 11 young (11264K), 11 survivors (11264K)
 Metaspace       used 34904K, capacity 35817K, committed 35964K, reserved 1081344K
  class space    used 4604K, capacity 4975K, committed 5068K, reserved 1048576K
}
Event: 7.935 GC heap before
{Heap before GC invocations=6 (full 0):
 garbage-first heap   total 260096K, used 185917K [0x0000000080000000, 0x0000000100000000)
  region size 1024K, 133 young (136192K), 11 survivors (11264K)
 Metaspace       used 46573K, capacity 47751K, committed 47996K, reserved 1091584K
  class space    used 5808K, capacity 6253K, committed 6348K, reserved 1048576K
}
Event: 7.946 GC heap after
{Heap after GC invocations=7 (full 0):
 garbage-first heap   total 260096K, used 70103K [0x0000000080000000, 0x0000000100000000)
  region size 1024K, 17 young (17408K), 17 survivors (17408K)
 Metaspace       used 46573K, capacity 47751K, committed 47996K, reserved 1091584K
  class space    used 5808K, capacity 6253K, committed 6348K, reserved 1048576K
}
Event: 9.517 GC heap before
{Heap before GC invocations=7 (full 0):
 garbage-first heap   total 260096K, used 196055K [0x0000000080000000, 0x0000000100000000)
  region size 1024K, 136 young (139264K), 17 survivors (17408K)
 Metaspace       used 52157K, capacity 53794K, committed 54012K, reserved 1095680K
  class space    used 6577K, capacity 7120K, committed 7244K, reserved 1048576K
}
Event: 9.528 GC heap after
{Heap after GC invocations=8 (full 0):
 garbage-first heap   total 260096K, used 84741K [0x0000000080000000, 0x0000000100000000)
  region size 1024K, 10 young (10240K), 10 survivors (10240K)
 Metaspace       used 52157K, capacity 53794K, committed 54012K, reserved 1095680K
  class space    used 6577K, capacity 7120K, committed 7244K, reserved 1048576K
}
Event: 11.387 GC heap before
{Heap before GC invocations=8 (full 0):
 garbage-first heap   total 260096K, used 210693K [0x0000000080000000, 0x0000000100000000)
  region size 1024K, 123 young (125952K), 10 survivors (10240K)
 Metaspace       used 57722K, capacity 59480K, committed 59644K, reserved 1101824K
  class space    used 7336K, capacity 7939K, committed 8012K, reserved 1048576K
}
Event: 11.394 GC heap after
{Heap after GC invocations=9 (full 0):
 garbage-first heap   total 260096K, used 106373K [0x0000000080000000, 0x0000000100000000)
  region size 1024K, 13 young (13312K), 13 survivors (13312K)
 Metaspace       used 57722K, capacity 59480K, committed 59644K, reserved 1101824K
  class space    used 7336K, capacity 7939K, committed 8012K, reserved 1048576K
}
Event: 11.481 GC heap before
{Heap before GC invocations=9 (full 0):
 garbage-first heap   total 260096K, used 111493K [0x0000000080000000, 0x0000000100000000)
  region size 1024K, 19 young (19456K), 13 survivors (13312K)
 Metaspace       used 58370K, capacity 60158K, committed 60284K, reserved 1101824K
  class space    used 7427K, capacity 8037K, committed 8140K, reserved 1048576K
}
Event: 11.491 GC heap after
{Heap after GC invocations=10 (full 0):
 garbage-first heap   total 260096K, used 108617K [0x0000000080000000, 0x0000000100000000)
  region size 1024K, 2 young (2048K), 2 survivors (2048K)
 Metaspace       used 58370K, capacity 60158K, committed 60284K, reserved 1101824K
  class space    used 7427K, capacity 8037K, committed 8140K, reserved 1048576K
}
Event: 12.994 GC heap before
{Heap before GC invocations=11 (full 0):
 garbage-first heap   total 260096K, used 188489K [0x0000000080000000, 0x0000000100000000)
  region size 1024K, 81 young (82944K), 2 survivors (2048K)
 Metaspace       used 68732K, capacity 70665K, committed 70940K, reserved 1112064K
  class space    used 8694K, capacity 9342K, committed 9420K, reserved 1048576K
}
Event: 12.998 GC heap after
{Heap after GC invocations=12 (full 0):
 garbage-first heap   total 260096K, used 112604K [0x0000000080000000, 0x0000000100000000)
  region size 1024K, 6 young (6144K), 6 survivors (6144K)
 Metaspace       used 68732K, capacity 70665K, committed 70940K, reserved 1112064K
  class space    used 8694K, capacity 9342K, committed 9420K, reserved 1048576K
}
Event: 14.342 GC heap before
{Heap before GC invocations=12 (full 0):
 garbage-first heap   total 260096K, used 196572K [0x0000000080000000, 0x0000000100000000)
  region size 1024K, 87 young (89088K), 6 survivors (6144K)
 Metaspace       used 75924K, capacity 77903K, committed 77980K, reserved 1118208K
  class space    used 9587K, capacity 10292K, committed 10316K, reserved 1048576K
}
Event: 14.348 GC heap after
{Heap after GC invocations=13 (full 0):
 garbage-first heap   total 260096K, used 115609K [0x0000000080000000, 0x0000000100000000)
  region size 1024K, 9 young (9216K), 9 survivors (9216K)
 Metaspace       used 75924K, capacity 77903K, committed 77980K, reserved 1118208K
  class space    used 9587K, capacity 10292K, committed 10316K, reserved 1048576K
}
Event: 15.241 GC heap before
{Heap before GC invocations=13 (full 0):
 garbage-first heap   total 260096K, used 199577K [0x0000000080000000, 0x0000000100000000)
  region size 1024K, 91 young (93184K), 9 survivors (9216K)
 Metaspace       used 76827K, capacity 78956K, committed 79260K, reserved 1118208K
  class space    used 9688K, capacity 10448K, committed 10572K, reserved 1048576K
}
Event: 15.248 GC heap after
{Heap after GC invocations=14 (full 0):
 garbage-first heap   total 260096K, used 120104K [0x0000000080000000, 0x0000000100000000)
  region size 1024K, 9 young (9216K), 9 survivors (9216K)
 Metaspace       used 76827K, capacity 78956K, committed 79260K, reserved 1118208K
  class space    used 9688K, capacity 10448K, committed 10572K, reserved 1048576K
}

