# JRE version: OpenJDK Runtime Environment (11.0.13) (build 11.0.13+0-b1751.21-8125866)
# Java VM: OpenJDK 64-Bit Server VM (11.0.13+0-b1751.21-8125866, mixed mode, tiered, compressed oops, g1 gc, windows-amd64)
Heap:
 garbage-first heap   total 332800K, used 228982K [0x0000000080000000, 0x0000000100000000)
  region size 1024K, 26 young (26624K), 7 survivors (7168K)
 Metaspace       used 116972K, capacity 120131K, committed 120476K, reserved 1153024K
  class space    used 14838K, capacity 15971K, committed 16204K, reserved 1048576K
GC Heap History (20 events):
Event: 38.132 GC heap before
{Heap before GC invocations=55 (full 0):
 garbage-first heap   total 260096K, used 223739K [0x0000000080000000, 0x0000000100000000)
  region size 1024K, 12 young (12288K), 2 survivors (2048K)
 Metaspace       used 115417K, capacity 118566K, committed 119068K, reserved 1153024K
  class space    used 14689K, capacity 15819K, committed 16076K, reserved 1048576K
}
Event: 38.142 GC heap after
{Heap after GC invocations=56 (full 0):
 garbage-first heap   total 260096K, used 200383K [0x0000000080000000, 0x0000000100000000)
  region size 1024K, 2 young (2048K), 2 survivors (2048K)
 Metaspace       used 115417K, capacity 118566K, committed 119068K, reserved 1153024K
  class space    used 14689K, capacity 15819K, committed 16076K, reserved 1048576K
}
Event: 38.168 GC heap before
{Heap before GC invocations=56 (full 0):
 garbage-first heap   total 260096K, used 209599K [0x0000000080000000, 0x0000000100000000)
  region size 1024K, 12 young (12288K), 2 survivors (2048K)
 Metaspace       used 115418K, capacity 118566K, committed 119068K, reserved 1153024K
  class space    used 14689K, capacity 15819K, committed 16076K, reserved 1048576K
}
Event: 38.181 GC heap after
{Heap after GC invocations=57 (full 0):
 garbage-first heap   total 260096K, used 197394K [0x0000000080000000, 0x0000000100000000)
  region size 1024K, 2 young (2048K), 2 survivors (2048K)
 Metaspace       used 115418K, capacity 118566K, committed 119068K, reserved 1153024K
  class space    used 14689K, capacity 15819K, committed 16076K, reserved 1048576K
}
Event: 38.257 GC heap before
{Heap before GC invocations=57 (full 0):
 garbage-first heap   total 260096K, used 216850K [0x0000000080000000, 0x0000000100000000)
  region size 1024K, 22 young (22528K), 2 survivors (2048K)
 Metaspace       used 115430K, capacity 118568K, committed 119068K, reserved 1153024K
  class space    used 14690K, capacity 15819K, committed 16076K, reserved 1048576K
}
Event: 38.263 GC heap after
{Heap after GC invocations=58 (full 0):
 garbage-first heap   total 260096K, used 200704K [0x0000000080000000, 0x0000000100000000)
  region size 1024K, 3 young (3072K), 3 survivors (3072K)
 Metaspace       used 115430K, capacity 118568K, committed 119068K, reserved 1153024K
  class space    used 14690K, capacity 15819K, committed 16076K, reserved 1048576K
}
Event: 38.319 GC heap before
{Heap before GC invocations=58 (full 0):
 garbage-first heap   total 260096K, used 220160K [0x0000000080000000, 0x0000000100000000)
  region size 1024K, 23 young (23552K), 3 survivors (3072K)
 Metaspace       used 115483K, capacity 118601K, committed 119068K, reserved 1153024K
  class space    used 14697K, capacity 15829K, committed 16076K, reserved 1048576K
}
Event: 38.323 GC heap after
{Heap after GC invocations=59 (full 0):
 garbage-first heap   total 260096K, used 203196K [0x0000000080000000, 0x0000000100000000)
  region size 1024K, 3 young (3072K), 3 survivors (3072K)
 Metaspace       used 115483K, capacity 118601K, committed 119068K, reserved 1153024K
  class space    used 14697K, capacity 15829K, committed 16076K, reserved 1048576K
}
Event: 38.374 GC heap before
{Heap before GC invocations=59 (full 0):
 garbage-first heap   total 260096K, used 209340K [0x0000000080000000, 0x0000000100000000)
  region size 1024K, 11 young (11264K), 3 survivors (3072K)
 Metaspace       used 115561K, capacity 118720K, committed 119068K, reserved 1153024K
  class space    used 14711K, capacity 15870K, committed 16076K, reserved 1048576K
}
Event: 38.379 GC heap after
{Heap after GC invocations=60 (full 0):
 garbage-first heap   total 260096K, used 204602K [0x0000000080000000, 0x0000000100000000)
  region size 1024K, 2 young (2048K), 2 survivors (2048K)
 Metaspace       used 115561K, capacity 118720K, committed 119068K, reserved 1153024K
  class space    used 14711K, capacity 15870K, committed 16076K, reserved 1048576K
}
Event: 38.591 GC heap before
{Heap before GC invocations=61 (full 0):
 garbage-first heap   total 260096K, used 223034K [0x0000000080000000, 0x0000000100000000)
  region size 1024K, 20 young (20480K), 2 survivors (2048K)
 Metaspace       used 115584K, capacity 118731K, committed 119068K, reserved 1153024K
  class space    used 14715K, capacity 15874K, committed 16076K, reserved 1048576K
}
Event: 38.595 GC heap after
{Heap after GC invocations=62 (full 0):
 garbage-first heap   total 260096K, used 207348K [0x0000000080000000, 0x0000000100000000)
  region size 1024K, 3 young (3072K), 3 survivors (3072K)
 Metaspace       used 115584K, capacity 118731K, committed 119068K, reserved 1153024K
  class space    used 14715K, capacity 15874K, committed 16076K, reserved 1048576K
}
Event: 38.614 GC heap before
{Heap before GC invocations=62 (full 0):
 garbage-first heap   total 260096K, used 215540K [0x0000000080000000, 0x0000000100000000)
  region size 1024K, 12 young (12288K), 3 survivors (3072K)
 Metaspace       used 115584K, capacity 118731K, committed 119068K, reserved 1153024K
  class space    used 14715K, capacity 15874K, committed 16076K, reserved 1048576K
}
Event: 38.624 GC heap after
{Heap after GC invocations=63 (full 0):
 garbage-first heap   total 260096K, used 201224K [0x0000000080000000, 0x0000000100000000)
  region size 1024K, 2 young (2048K), 2 survivors (2048K)
 Metaspace       used 115584K, capacity 118731K, committed 119068K, reserved 1153024K
  class space    used 14715K, capacity 15874K, committed 16076K, reserved 1048576K
}
Event: 38.742 GC heap before
{Heap before GC invocations=63 (full 0):
 garbage-first heap   total 260096K, used 220680K [0x0000000080000000, 0x0000000100000000)
  region size 1024K, 22 young (22528K), 2 survivors (2048K)
 Metaspace       used 115703K, capacity 118883K, committed 119324K, reserved 1153024K
  class space    used 14738K, capacity 15882K, committed 16076K, reserved 1048576K
}
Event: 38.749 GC heap after
{Heap after GC invocations=64 (full 0):
 garbage-first heap   total 260096K, used 204400K [0x0000000080000000, 0x0000000100000000)
  region size 1024K, 3 young (3072K), 3 survivors (3072K)
 Metaspace       used 115703K, capacity 118883K, committed 119324K, reserved 1153024K
  class space    used 14738K, capacity 15882K, committed 16076K, reserved 1048576K
}
Event: 38.783 GC heap before
{Heap before GC invocations=64 (full 0):
 garbage-first heap   total 260096K, used 221808K [0x0000000080000000, 0x0000000100000000)
  region size 1024K, 21 young (21504K), 3 survivors (3072K)
 Metaspace       used 115703K, capacity 118883K, committed 119324K, reserved 1153024K
  class space    used 14738K, capacity 15882K, committed 16076K, reserved 1048576K
}
Event: 38.790 GC heap after
{Heap after GC invocations=65 (full 0):
 garbage-first heap   total 332800K, used 207207K [0x0000000080000000, 0x0000000100000000)
  region size 1024K, 3 young (3072K), 3 survivors (3072K)
 Metaspace       used 115703K, capacity 118883K, committed 119324K, reserved 1153024K
  class space    used 14738K, capacity 15882K, committed 16076K, reserved 1048576K
}
Event: 38.974 GC heap before
{Heap before GC invocations=65 (full 0):
 garbage-first heap   total 332800K, used 258407K [0x0000000080000000, 0x0000000100000000)
  region size 1024K, 54 young (55296K), 3 survivors (3072K)
 Metaspace       used 115733K, capacity 118897K, committed 119324K, reserved 1153024K
  class space    used 14739K, capacity 15884K, committed 16076K, reserved 1048576K
}
Event: 38.981 GC heap after
{Heap after GC invocations=66 (full 0):
 garbage-first heap   total 332800K, used 211574K [0x0000000080000000, 0x0000000100000000)
  region size 1024K, 7 young (7168K), 7 survivors (7168K)
 Metaspace       used 115733K, capacity 118897K, committed 119324K, reserved 1153024K
  class space    used 14739K, capacity 15884K, committed 16076K, reserved 1048576K
}

