# JRE version: OpenJDK Runtime Environment (11.0.13) (build 11.0.13+0-b1751.21-8125866)
# Java VM: OpenJDK 64-Bit Server VM (11.0.13+0-b1751.21-8125866, mixed mode, tiered, compressed oops, g1 gc, windows-amd64)
Heap:
 garbage-first heap   total 319488K, used 248109K [0x0000000080000000, 0x0000000100000000)
  region size 1024K, 2 young (2048K), 2 survivors (2048K)
 Metaspace       used 116101K, capacity 118856K, committed 120016K, reserved 1153024K
  class space    used 14283K, capacity 15308K, committed 15744K, reserved 1048576K
GC Heap History (20 events):
Event: 32.581 GC heap after
{Heap after GC invocations=42 (full 0):
 garbage-first heap   total 260096K, used 218112K [0x0000000080000000, 0x0000000100000000)
  region size 1024K, 2 young (2048K), 2 survivors (2048K)
 Metaspace       used 111007K, capacity 113765K, committed 115280K, reserved 1148928K
  class space    used 13603K, capacity 14578K, committed 15104K, reserved 1048576K
}
Event: 32.625 GC heap before
{Heap before GC invocations=42 (full 0):
 garbage-first heap   total 260096K, used 228352K [0x0000000080000000, 0x0000000100000000)
  region size 1024K, 12 young (12288K), 2 survivors (2048K)
 Metaspace       used 111007K, capacity 113765K, committed 115280K, reserved 1148928K
  class space    used 13603K, capacity 14578K, committed 15104K, reserved 1048576K
}
Event: 32.629 GC heap after
{Heap after GC invocations=43 (full 0):
 garbage-first heap   total 260096K, used 226257K [0x0000000080000000, 0x0000000100000000)
  region size 1024K, 2 young (2048K), 2 survivors (2048K)
 Metaspace       used 111007K, capacity 113765K, committed 115280K, reserved 1148928K
  class space    used 13603K, capacity 14578K, committed 15104K, reserved 1048576K
}
Event: 32.730 GC heap before
{Heap before GC invocations=43 (full 0):
 garbage-first heap   total 260096K, used 235473K [0x0000000080000000, 0x0000000100000000)
  region size 1024K, 12 young (12288K), 2 survivors (2048K)
 Metaspace       used 111505K, capacity 114277K, committed 115536K, reserved 1150976K
  class space    used 13661K, capacity 14642K, committed 15104K, reserved 1048576K
}
Event: 32.735 GC heap after
{Heap after GC invocations=44 (full 0):
 garbage-first heap   total 260096K, used 231541K [0x0000000080000000, 0x0000000100000000)
  region size 1024K, 2 young (2048K), 2 survivors (2048K)
 Metaspace       used 111505K, capacity 114277K, committed 115536K, reserved 1150976K
  class space    used 13661K, capacity 14642K, committed 15104K, reserved 1048576K
}
Event: 32.802 GC heap before
{Heap before GC invocations=44 (full 0):
 garbage-first heap   total 260096K, used 241781K [0x0000000080000000, 0x0000000100000000)
  region size 1024K, 12 young (12288K), 2 survivors (2048K)
 Metaspace       used 111506K, capacity 114277K, committed 115536K, reserved 1150976K
  class space    used 13661K, capacity 14642K, committed 15104K, reserved 1048576K
}
Event: 32.805 GC heap after
{Heap after GC invocations=45 (full 0):
 garbage-first heap   total 260096K, used 234474K [0x0000000080000000, 0x0000000100000000)
  region size 1024K, 2 young (2048K), 2 survivors (2048K)
 Metaspace       used 111506K, capacity 114277K, committed 115536K, reserved 1150976K
  class space    used 13661K, capacity 14642K, committed 15104K, reserved 1048576K
}
Event: 32.867 GC heap before
{Heap before GC invocations=45 (full 0):
 garbage-first heap   total 260096K, used 244714K [0x0000000080000000, 0x0000000100000000)
  region size 1024K, 12 young (12288K), 2 survivors (2048K)
 Metaspace       used 111525K, capacity 114277K, committed 115536K, reserved 1150976K
  class space    used 13661K, capacity 14642K, committed 15104K, reserved 1048576K
}
Event: 32.870 GC heap after
{Heap after GC invocations=46 (full 0):
 garbage-first heap   total 260096K, used 236931K [0x0000000080000000, 0x0000000100000000)
  region size 1024K, 2 young (2048K), 2 survivors (2048K)
 Metaspace       used 111525K, capacity 114277K, committed 115536K, reserved 1150976K
  class space    used 13661K, capacity 14642K, committed 15104K, reserved 1048576K
}
Event: 33.082 GC heap before
{Heap before GC invocations=47 (full 0):
 garbage-first heap   total 260096K, used 247171K [0x0000000080000000, 0x0000000100000000)
  region size 1024K, 12 young (12288K), 2 survivors (2048K)
 Metaspace       used 112575K, capacity 115319K, committed 116688K, reserved 1150976K
  class space    used 13798K, capacity 14775K, committed 15232K, reserved 1048576K
}
Event: 33.084 GC heap after
{Heap after GC invocations=48 (full 0):
 garbage-first heap   total 260096K, used 238011K [0x0000000080000000, 0x0000000100000000)
  region size 1024K, 1 young (1024K), 1 survivors (1024K)
 Metaspace       used 112575K, capacity 115319K, committed 116688K, reserved 1150976K
  class space    used 13798K, capacity 14775K, committed 15232K, reserved 1048576K
}
Event: 33.335 GC heap before
{Heap before GC invocations=48 (full 0):
 garbage-first heap   total 260096K, used 251323K [0x0000000080000000, 0x0000000100000000)
  region size 1024K, 12 young (12288K), 1 survivors (1024K)
 Metaspace       used 114041K, capacity 116795K, committed 118224K, reserved 1153024K
  class space    used 14028K, capacity 15007K, committed 15488K, reserved 1048576K
}
Event: 33.343 GC heap after
{Heap after GC invocations=49 (full 0):
 garbage-first heap   total 264192K, used 235303K [0x0000000080000000, 0x0000000100000000)
  region size 1024K, 2 young (2048K), 2 survivors (2048K)
 Metaspace       used 114041K, capacity 116795K, committed 118224K, reserved 1153024K
  class space    used 14028K, capacity 15007K, committed 15488K, reserved 1048576K
}
Event: 33.507 GC heap before
{Heap before GC invocations=49 (full 0):
 garbage-first heap   total 264192K, used 241447K [0x0000000080000000, 0x0000000100000000)
  region size 1024K, 9 young (9216K), 2 survivors (2048K)
 Metaspace       used 115088K, capacity 117840K, committed 119248K, reserved 1153024K
  class space    used 14187K, capacity 15206K, committed 15744K, reserved 1048576K
}
Event: 33.511 GC heap after
{Heap after GC invocations=50 (full 0):
 garbage-first heap   total 264192K, used 237070K [0x0000000080000000, 0x0000000100000000)
  region size 1024K, 1 young (1024K), 1 survivors (1024K)
 Metaspace       used 115088K, capacity 117840K, committed 119248K, reserved 1153024K
  class space    used 14187K, capacity 15206K, committed 15744K, reserved 1048576K
}
Event: 33.790 GC heap before
{Heap before GC invocations=50 (full 0):
 garbage-first heap   total 264192K, used 249358K [0x0000000080000000, 0x0000000100000000)
  region size 1024K, 12 young (12288K), 1 survivors (1024K)
 Metaspace       used 116025K, capacity 118790K, committed 120016K, reserved 1153024K
  class space    used 14283K, capacity 15308K, committed 15744K, reserved 1048576K
}
Event: 33.794 GC heap after
{Heap after GC invocations=51 (full 0):
 garbage-first heap   total 264192K, used 238632K [0x0000000080000000, 0x0000000100000000)
  region size 1024K, 2 young (2048K), 2 survivors (2048K)
 Metaspace       used 116025K, capacity 118790K, committed 120016K, reserved 1153024K
  class space    used 14283K, capacity 15308K, committed 15744K, reserved 1048576K
}
Event: 33.878 GC heap before
{Heap before GC invocations=52 (full 0):
 garbage-first heap   total 264192K, used 248872K [0x0000000080000000, 0x0000000100000000)
  region size 1024K, 12 young (12288K), 2 survivors (2048K)
 Metaspace       used 116091K, capacity 118856K, committed 120016K, reserved 1153024K
  class space    used 14283K, capacity 15308K, committed 15744K, reserved 1048576K
}
Event: 33.881 GC heap after
{Heap after GC invocations=53 (full 0):
 garbage-first heap   total 264192K, used 239331K [0x0000000080000000, 0x0000000100000000)
  region size 1024K, 1 young (1024K), 1 survivors (1024K)
 Metaspace       used 116091K, capacity 118856K, committed 120016K, reserved 1153024K
  class space    used 14283K, capacity 15308K, committed 15744K, reserved 1048576K
}
Event: 33.936 GC heap before
{Heap before GC invocations=53 (full 0):
 garbage-first heap   total 264192K, used 250595K [0x0000000080000000, 0x0000000100000000)
  region size 1024K, 12 young (12288K), 1 survivors (1024K)
 Metaspace       used 116101K, capacity 118856K, committed 120016K, reserved 1153024K
  class space    used 14283K, capacity 15308K, committed 15744K, reserved 1048576K
}

