# JRE version: OpenJDK Runtime Environment (11.0.13) (build 11.0.13+0-b1751.21-8125866)
# Java VM: OpenJDK 64-Bit Server VM (11.0.13+0-b1751.21-8125866, mixed mode, tiered, compressed oops, g1 gc, windows-amd64)
Heap:
 garbage-first heap   total 369664K, used 249143K [0x0000000080000000, 0x0000000100000000)
  region size 1024K, 2 young (2048K), 2 survivors (2048K)
 Metaspace       used 127881K, capacity 130994K, committed 131280K, reserved 1163264K
  class space    used 15621K, capacity 16715K, committed 16768K, reserved 1048576K
GC Heap History (20 events):
Event: 225.539 GC heap after
{Heap after GC invocations=56 (full 0):
 garbage-first heap   total 260096K, used 213071K [0x0000000080000000, 0x0000000100000000)
  region size 1024K, 2 young (2048K), 2 survivors (2048K)
 Metaspace       used 123998K, capacity 127026K, committed 127184K, reserved 1161216K
  class space    used 15063K, capacity 16122K, committed 16256K, reserved 1048576K
}
Event: 225.634 GC heap before
{Heap before GC invocations=56 (full 0):
 garbage-first heap   total 260096K, used 225359K [0x0000000080000000, 0x0000000100000000)
  region size 1024K, 14 young (14336K), 2 survivors (2048K)
 Metaspace       used 123999K, capacity 127026K, committed 127184K, reserved 1161216K
  class space    used 15063K, capacity 16122K, committed 16256K, reserved 1048576K
}
Event: 225.638 GC heap after
{Heap after GC invocations=57 (full 0):
 garbage-first heap   total 260096K, used 225073K [0x0000000080000000, 0x0000000100000000)
  region size 1024K, 2 young (2048K), 2 survivors (2048K)
 Metaspace       used 123999K, capacity 127026K, committed 127184K, reserved 1161216K
  class space    used 15063K, capacity 16122K, committed 16256K, reserved 1048576K
}
Event: 225.721 GC heap before
{Heap before GC invocations=57 (full 0):
 garbage-first heap   total 260096K, used 234289K [0x0000000080000000, 0x0000000100000000)
  region size 1024K, 12 young (12288K), 2 survivors (2048K)
 Metaspace       used 123999K, capacity 127026K, committed 127184K, reserved 1161216K
  class space    used 15063K, capacity 16122K, committed 16256K, reserved 1048576K
}
Event: 225.725 GC heap after
{Heap after GC invocations=58 (full 0):
 garbage-first heap   total 260096K, used 235625K [0x0000000080000000, 0x0000000100000000)
  region size 1024K, 2 young (2048K), 2 survivors (2048K)
 Metaspace       used 123999K, capacity 127026K, committed 127184K, reserved 1161216K
  class space    used 15063K, capacity 16122K, committed 16256K, reserved 1048576K
}
Event: 225.765 GC heap before
{Heap before GC invocations=58 (full 0):
 garbage-first heap   total 260096K, used 245865K [0x0000000080000000, 0x0000000100000000)
  region size 1024K, 12 young (12288K), 2 survivors (2048K)
 Metaspace       used 124000K, capacity 127026K, committed 127184K, reserved 1161216K
  class space    used 15063K, capacity 16122K, committed 16256K, reserved 1048576K
}
Event: 225.772 GC heap after
{Heap after GC invocations=59 (full 0):
 garbage-first heap   total 260096K, used 243712K [0x0000000080000000, 0x0000000100000000)
  region size 1024K, 2 young (2048K), 2 survivors (2048K)
 Metaspace       used 124000K, capacity 127026K, committed 127184K, reserved 1161216K
  class space    used 15063K, capacity 16122K, committed 16256K, reserved 1048576K
}
Event: 225.805 GC heap before
{Heap before GC invocations=59 (full 0):
 garbage-first heap   total 260096K, used 253952K [0x0000000080000000, 0x0000000100000000)
  region size 1024K, 12 young (12288K), 2 survivors (2048K)
 Metaspace       used 124002K, capacity 127026K, committed 127184K, reserved 1161216K
  class space    used 15063K, capacity 16122K, committed 16256K, reserved 1048576K
}
Event: 225.812 GC heap after
{Heap after GC invocations=60 (full 0):
 garbage-first heap   total 264192K, used 251904K [0x0000000080000000, 0x0000000100000000)
  region size 1024K, 2 young (2048K), 2 survivors (2048K)
 Metaspace       used 124002K, capacity 127026K, committed 127184K, reserved 1161216K
  class space    used 15063K, capacity 16122K, committed 16256K, reserved 1048576K
}
Event: 225.841 GC heap before
{Heap before GC invocations=60 (full 0):
 garbage-first heap   total 264192K, used 262144K [0x0000000080000000, 0x0000000100000000)
  region size 1024K, 12 young (12288K), 2 survivors (2048K)
 Metaspace       used 124002K, capacity 127026K, committed 127184K, reserved 1161216K
  class space    used 15063K, capacity 16122K, committed 16256K, reserved 1048576K
}
Event: 225.848 GC heap after
{Heap after GC invocations=61 (full 0):
 garbage-first heap   total 272384K, used 259862K [0x0000000080000000, 0x0000000100000000)
  region size 1024K, 2 young (2048K), 2 survivors (2048K)
 Metaspace       used 124002K, capacity 127026K, committed 127184K, reserved 1161216K
  class space    used 15063K, capacity 16122K, committed 16256K, reserved 1048576K
}
Event: 225.959 GC heap before
{Heap before GC invocations=61 (full 0):
 garbage-first heap   total 272384K, used 271126K [0x0000000080000000, 0x0000000100000000)
  region size 1024K, 13 young (13312K), 2 survivors (2048K)
 Metaspace       used 124501K, capacity 127538K, committed 127696K, reserved 1161216K
  class space    used 15120K, capacity 16186K, committed 16256K, reserved 1048576K
}
Event: 225.966 GC heap after
{Heap after GC invocations=62 (full 0):
 garbage-first heap   total 279552K, used 265997K [0x0000000080000000, 0x0000000100000000)
  region size 1024K, 2 young (2048K), 2 survivors (2048K)
 Metaspace       used 124501K, capacity 127538K, committed 127696K, reserved 1161216K
  class space    used 15120K, capacity 16186K, committed 16256K, reserved 1048576K
}
Event: 226.065 GC heap before
{Heap before GC invocations=62 (full 0):
 garbage-first heap   total 279552K, used 267021K [0x0000000080000000, 0x0000000100000000)
  region size 1024K, 13 young (13312K), 2 survivors (2048K)
 Metaspace       used 124505K, capacity 127540K, committed 127696K, reserved 1161216K
  class space    used 15122K, capacity 16187K, committed 16256K, reserved 1048576K
}
Event: 226.068 GC heap after
{Heap after GC invocations=63 (full 0):
 garbage-first heap   total 279552K, used 259072K [0x0000000080000000, 0x0000000100000000)
  region size 1024K, 2 young (2048K), 2 survivors (2048K)
 Metaspace       used 124505K, capacity 127540K, committed 127696K, reserved 1161216K
  class space    used 15122K, capacity 16187K, committed 16256K, reserved 1048576K
}
Event: 226.155 GC heap before
{Heap before GC invocations=64 (full 0):
 garbage-first heap   total 279552K, used 270336K [0x0000000080000000, 0x0000000100000000)
  region size 1024K, 13 young (13312K), 2 survivors (2048K)
 Metaspace       used 124520K, capacity 127540K, committed 127696K, reserved 1161216K
  class space    used 15124K, capacity 16187K, committed 16256K, reserved 1048576K
}
Event: 226.158 GC heap after
{Heap after GC invocations=65 (full 0):
 garbage-first heap   total 279552K, used 261595K [0x0000000080000000, 0x0000000100000000)
  region size 1024K, 2 young (2048K), 2 survivors (2048K)
 Metaspace       used 124520K, capacity 127540K, committed 127696K, reserved 1161216K
  class space    used 15124K, capacity 16187K, committed 16256K, reserved 1048576K
}
Event: 226.548 GC heap before
{Heap before GC invocations=65 (full 0):
 garbage-first heap   total 279552K, used 272859K [0x0000000080000000, 0x0000000100000000)
  region size 1024K, 13 young (13312K), 2 survivors (2048K)
 Metaspace       used 125897K, capacity 128934K, committed 129232K, reserved 1163264K
  class space    used 15337K, capacity 16416K, committed 16512K, reserved 1048576K
}
Event: 226.560 GC heap after
{Heap after GC invocations=66 (full 0):
 garbage-first heap   total 288768K, used 245756K [0x0000000080000000, 0x0000000100000000)
  region size 1024K, 2 young (2048K), 2 survivors (2048K)
 Metaspace       used 125897K, capacity 128934K, committed 129232K, reserved 1163264K
  class space    used 15337K, capacity 16416K, committed 16512K, reserved 1048576K
}
Event: 226.856 GC heap before
{Heap before GC invocations=66 (full 0):
 garbage-first heap   total 288768K, used 260092K [0x0000000080000000, 0x0000000100000000)
  region size 1024K, 14 young (14336K), 2 survivors (2048K)
 Metaspace       used 127881K, capacity 130994K, committed 131280K, reserved 1163264K
  class space    used 15621K, capacity 16715K, committed 16768K, reserved 1048576K
}

