# JRE version: OpenJDK Runtime Environment (11.0.13) (build 11.0.13+0-b1751.21-8125866)
# Java VM: OpenJDK 64-Bit Server VM (11.0.13+0-b1751.21-8125866, mixed mode, tiered, compressed oops, g1 gc, windows-amd64)
Heap:
 garbage-first heap   total 312320K, used 202595K [0x0000000080000000, 0x0000000100000000)
  region size 1024K, 2 young (2048K), 2 survivors (2048K)
 Metaspace       used 116148K, capacity 118998K, committed 120604K, reserved 1153024K
  class space    used 14865K, capacity 15916K, committed 16492K, reserved 1048576K
GC Heap History (20 events):
Event: 21.607 GC heap after
{Heap after GC invocations=33 (full 0):
 garbage-first heap   total 260096K, used 185679K [0x0000000080000000, 0x0000000100000000)
  region size 1024K, 5 young (5120K), 5 survivors (5120K)
 Metaspace       used 107180K, capacity 109853K, committed 111772K, reserved 1146880K
  class space    used 13696K, capacity 14660K, committed 15340K, reserved 1048576K
}
Event: 21.740 GC heap before
{Heap before GC invocations=34 (full 0):
 garbage-first heap   total 260096K, used 220495K [0x0000000080000000, 0x0000000100000000)
  region size 1024K, 40 young (40960K), 5 survivors (5120K)
 Metaspace       used 107317K, capacity 109993K, committed 112028K, reserved 1146880K
  class space    used 13707K, capacity 14661K, committed 15340K, reserved 1048576K
}
Event: 21.744 GC heap after
{Heap after GC invocations=35 (full 0):
 garbage-first heap   total 260096K, used 187668K [0x0000000080000000, 0x0000000100000000)
  region size 1024K, 5 young (5120K), 5 survivors (5120K)
 Metaspace       used 107317K, capacity 109993K, committed 112028K, reserved 1146880K
  class space    used 13707K, capacity 14661K, committed 15340K, reserved 1048576K
}
Event: 21.799 GC heap before
{Heap before GC invocations=35 (full 0):
 garbage-first heap   total 260096K, used 220436K [0x0000000080000000, 0x0000000100000000)
  region size 1024K, 38 young (38912K), 5 survivors (5120K)
 Metaspace       used 107320K, capacity 109993K, committed 112028K, reserved 1146880K
  class space    used 13707K, capacity 14661K, committed 15340K, reserved 1048576K
}
Event: 21.804 GC heap after
{Heap after GC invocations=36 (full 0):
 garbage-first heap   total 260096K, used 189869K [0x0000000080000000, 0x0000000100000000)
  region size 1024K, 5 young (5120K), 5 survivors (5120K)
 Metaspace       used 107320K, capacity 109993K, committed 112028K, reserved 1146880K
  class space    used 13707K, capacity 14661K, committed 15340K, reserved 1048576K
}
Event: 22.066 GC heap before
{Heap before GC invocations=37 (full 0):
 garbage-first heap   total 260096K, used 220589K [0x0000000080000000, 0x0000000100000000)
  region size 1024K, 36 young (36864K), 5 survivors (5120K)
 Metaspace       used 107648K, capacity 110320K, committed 112412K, reserved 1146880K
  class space    used 13742K, capacity 14704K, committed 15468K, reserved 1048576K
}
Event: 22.071 GC heap after
{Heap after GC invocations=38 (full 0):
 garbage-first heap   total 260096K, used 192603K [0x0000000080000000, 0x0000000100000000)
  region size 1024K, 5 young (5120K), 5 survivors (5120K)
 Metaspace       used 107648K, capacity 110320K, committed 112412K, reserved 1146880K
  class space    used 13742K, capacity 14704K, committed 15468K, reserved 1048576K
}
Event: 22.275 GC heap before
{Heap before GC invocations=38 (full 0):
 garbage-first heap   total 260096K, used 221275K [0x0000000080000000, 0x0000000100000000)
  region size 1024K, 33 young (33792K), 5 survivors (5120K)
 Metaspace       used 107721K, capacity 110399K, committed 112412K, reserved 1146880K
  class space    used 13745K, capacity 14708K, committed 15468K, reserved 1048576K
}
Event: 22.280 GC heap after
{Heap after GC invocations=39 (full 0):
 garbage-first heap   total 260096K, used 194524K [0x0000000080000000, 0x0000000100000000)
  region size 1024K, 4 young (4096K), 4 survivors (4096K)
 Metaspace       used 107721K, capacity 110399K, committed 112412K, reserved 1146880K
  class space    used 13745K, capacity 14708K, committed 15468K, reserved 1048576K
}
Event: 22.828 GC heap before
{Heap before GC invocations=40 (full 0):
 garbage-first heap   total 260096K, used 222172K [0x0000000080000000, 0x0000000100000000)
  region size 1024K, 31 young (31744K), 4 survivors (4096K)
 Metaspace       used 111136K, capacity 113896K, committed 115612K, reserved 1148928K
  class space    used 14238K, capacity 15268K, committed 15852K, reserved 1048576K
}
Event: 22.832 GC heap after
{Heap after GC invocations=41 (full 0):
 garbage-first heap   total 260096K, used 196048K [0x0000000080000000, 0x0000000100000000)
  region size 1024K, 2 young (2048K), 2 survivors (2048K)
 Metaspace       used 111136K, capacity 113896K, committed 115612K, reserved 1148928K
  class space    used 14238K, capacity 15268K, committed 15852K, reserved 1048576K
}
Event: 23.064 GC heap before
{Heap before GC invocations=41 (full 0):
 garbage-first heap   total 260096K, used 222672K [0x0000000080000000, 0x0000000100000000)
  region size 1024K, 28 young (28672K), 2 survivors (2048K)
 Metaspace       used 111730K, capacity 114512K, committed 116124K, reserved 1148928K
  class space    used 14310K, capacity 15339K, committed 15852K, reserved 1048576K
}
Event: 23.069 GC heap after
{Heap after GC invocations=42 (full 0):
 garbage-first heap   total 260096K, used 197891K [0x0000000080000000, 0x0000000100000000)
  region size 1024K, 4 young (4096K), 4 survivors (4096K)
 Metaspace       used 111730K, capacity 114512K, committed 116124K, reserved 1148928K
  class space    used 14310K, capacity 15339K, committed 15852K, reserved 1048576K
}
Event: 23.227 GC heap before
{Heap before GC invocations=42 (full 0):
 garbage-first heap   total 260096K, used 224515K [0x0000000080000000, 0x0000000100000000)
  region size 1024K, 30 young (30720K), 4 survivors (4096K)
 Metaspace       used 111963K, capacity 114774K, committed 116252K, reserved 1148928K
  class space    used 14345K, capacity 15404K, committed 15980K, reserved 1048576K
}
Event: 23.233 GC heap after
{Heap after GC invocations=43 (full 0):
 garbage-first heap   total 260096K, used 201492K [0x0000000080000000, 0x0000000100000000)
  region size 1024K, 4 young (4096K), 4 survivors (4096K)
 Metaspace       used 111963K, capacity 114774K, committed 116252K, reserved 1148928K
  class space    used 14345K, capacity 15404K, committed 15980K, reserved 1048576K
}
Event: 23.495 GC heap before
{Heap before GC invocations=44 (full 0):
 garbage-first heap   total 260096K, used 225044K [0x0000000080000000, 0x0000000100000000)
  region size 1024K, 27 young (27648K), 4 survivors (4096K)
 Metaspace       used 113571K, capacity 116406K, committed 117916K, reserved 1150976K
  class space    used 14566K, capacity 15628K, committed 16108K, reserved 1048576K
}
Event: 23.498 GC heap after
{Heap after GC invocations=45 (full 0):
 garbage-first heap   total 260096K, used 202540K [0x0000000080000000, 0x0000000100000000)
  region size 1024K, 1 young (1024K), 1 survivors (1024K)
 Metaspace       used 113571K, capacity 116406K, committed 117916K, reserved 1150976K
  class space    used 14566K, capacity 15628K, committed 16108K, reserved 1048576K
}
Event: 23.610 GC heap before
{Heap before GC invocations=45 (full 0):
 garbage-first heap   total 260096K, used 213804K [0x0000000080000000, 0x0000000100000000)
  region size 1024K, 12 young (12288K), 1 survivors (1024K)
 Metaspace       used 114415K, capacity 117206K, committed 118812K, reserved 1153024K
  class space    used 14674K, capacity 15724K, committed 16236K, reserved 1048576K
}
Event: 23.615 GC heap after
{Heap after GC invocations=46 (full 0):
 garbage-first heap   total 260096K, used 201428K [0x0000000080000000, 0x0000000100000000)
  region size 1024K, 1 young (1024K), 1 survivors (1024K)
 Metaspace       used 114415K, capacity 117206K, committed 118812K, reserved 1153024K
  class space    used 14674K, capacity 15724K, committed 16236K, reserved 1048576K
}
Event: 23.907 GC heap before
{Heap before GC invocations=46 (full 0):
 garbage-first heap   total 260096K, used 224980K [0x0000000080000000, 0x0000000100000000)
  region size 1024K, 24 young (24576K), 1 survivors (1024K)
 Metaspace       used 116148K, capacity 118998K, committed 120604K, reserved 1153024K
  class space    used 14865K, capacity 15916K, committed 16492K, reserved 1048576K
}

