# JRE version: OpenJDK Runtime Environment (11.0.13) (build 11.0.13+0-b1751.21-8125866)
# Java VM: OpenJDK 64-Bit Server VM (11.0.13+0-b1751.21-8125866, mixed mode, tiered, compressed oops, g1 gc, windows-amd64)
Heap:
 garbage-first heap   total 391168K, used 289792K [0x0000000080000000, 0x0000000100000000)
  region size 1024K, 2 young (2048K), 2 survivors (2048K)
 Metaspace       used 114589K, capacity 117321K, committed 118608K, reserved 1153024K
  class space    used 14136K, capacity 15161K, committed 15616K, reserved 1048576K
GC Heap History (20 events):
Event: 33.032 GC heap after
{Heap after GC invocations=45 (full 0):
 garbage-first heap   total 260096K, used 228816K [0x0000000080000000, 0x0000000100000000)
  region size 1024K, 2 young (2048K), 2 survivors (2048K)
 Metaspace       used 109763K, capacity 112327K, committed 113488K, reserved 1148928K
  class space    used 13489K, capacity 14399K, committed 14848K, reserved 1048576K
}
Event: 33.135 GC heap before
{Heap before GC invocations=45 (full 0):
 garbage-first heap   total 260096K, used 239056K [0x0000000080000000, 0x0000000100000000)
  region size 1024K, 12 young (12288K), 2 survivors (2048K)
 Metaspace       used 109836K, capacity 112423K, committed 113744K, reserved 1148928K
  class space    used 13505K, capacity 14431K, committed 14848K, reserved 1048576K
}
Event: 33.138 GC heap after
{Heap after GC invocations=46 (full 0):
 garbage-first heap   total 260096K, used 231621K [0x0000000080000000, 0x0000000100000000)
  region size 1024K, 2 young (2048K), 2 survivors (2048K)
 Metaspace       used 109836K, capacity 112423K, committed 113744K, reserved 1148928K
  class space    used 13505K, capacity 14431K, committed 14848K, reserved 1048576K
}
Event: 33.212 GC heap before
{Heap before GC invocations=47 (full 0):
 garbage-first heap   total 260096K, used 241861K [0x0000000080000000, 0x0000000100000000)
  region size 1024K, 12 young (12288K), 2 survivors (2048K)
 Metaspace       used 109846K, capacity 112423K, committed 113744K, reserved 1148928K
  class space    used 13505K, capacity 14431K, committed 14848K, reserved 1048576K
}
Event: 33.215 GC heap after
{Heap after GC invocations=48 (full 0):
 garbage-first heap   total 260096K, used 234184K [0x0000000080000000, 0x0000000100000000)
  region size 1024K, 2 young (2048K), 2 survivors (2048K)
 Metaspace       used 109846K, capacity 112423K, committed 113744K, reserved 1148928K
  class space    used 13505K, capacity 14431K, committed 14848K, reserved 1048576K
}
Event: 33.375 GC heap before
{Heap before GC invocations=48 (full 0):
 garbage-first heap   total 260096K, used 244424K [0x0000000080000000, 0x0000000100000000)
  region size 1024K, 12 young (12288K), 2 survivors (2048K)
 Metaspace       used 110377K, capacity 113017K, committed 114384K, reserved 1148928K
  class space    used 13566K, capacity 14500K, committed 14976K, reserved 1048576K
}
Event: 33.379 GC heap after
{Heap after GC invocations=49 (full 0):
 garbage-first heap   total 260096K, used 233152K [0x0000000080000000, 0x0000000100000000)
  region size 1024K, 2 young (2048K), 2 survivors (2048K)
 Metaspace       used 110377K, capacity 113017K, committed 114384K, reserved 1148928K
  class space    used 13566K, capacity 14500K, committed 14976K, reserved 1048576K
}
Event: 33.540 GC heap before
{Heap before GC invocations=49 (full 0):
 garbage-first heap   total 260096K, used 240320K [0x0000000080000000, 0x0000000100000000)
  region size 1024K, 11 young (11264K), 2 survivors (2048K)
 Metaspace       used 111290K, capacity 113945K, committed 115280K, reserved 1148928K
  class space    used 13722K, capacity 14660K, committed 15104K, reserved 1048576K
}
Event: 33.544 GC heap after
{Heap after GC invocations=50 (full 0):
 garbage-first heap   total 260096K, used 236377K [0x0000000080000000, 0x0000000100000000)
  region size 1024K, 2 young (2048K), 2 survivors (2048K)
 Metaspace       used 111290K, capacity 113945K, committed 115280K, reserved 1148928K
  class space    used 13722K, capacity 14660K, committed 15104K, reserved 1048576K
}
Event: 33.855 GC heap before
{Heap before GC invocations=51 (full 0):
 garbage-first heap   total 260096K, used 248665K [0x0000000080000000, 0x0000000100000000)
  region size 1024K, 12 young (12288K), 2 survivors (2048K)
 Metaspace       used 113386K, capacity 116133K, committed 117456K, reserved 1150976K
  class space    used 14018K, capacity 15023K, committed 15488K, reserved 1048576K
}
Event: 33.859 GC heap after
{Heap after GC invocations=52 (full 0):
 garbage-first heap   total 312320K, used 239347K [0x0000000080000000, 0x0000000100000000)
  region size 1024K, 1 young (1024K), 1 survivors (1024K)
 Metaspace       used 113386K, capacity 116133K, committed 117456K, reserved 1150976K
  class space    used 14018K, capacity 15023K, committed 15488K, reserved 1048576K
}
Event: 34.194 GC heap before
{Heap before GC invocations=52 (full 0):
 garbage-first heap   total 312320K, used 253683K [0x0000000080000000, 0x0000000100000000)
  region size 1024K, 15 young (15360K), 1 survivors (1024K)
 Metaspace       used 114509K, capacity 117255K, committed 118352K, reserved 1153024K
  class space    used 14136K, capacity 15161K, committed 15616K, reserved 1048576K
}
Event: 34.199 GC heap after
{Heap after GC invocations=53 (full 0):
 garbage-first heap   total 312320K, used 240062K [0x0000000080000000, 0x0000000100000000)
  region size 1024K, 2 young (2048K), 2 survivors (2048K)
 Metaspace       used 114509K, capacity 117255K, committed 118352K, reserved 1153024K
  class space    used 14136K, capacity 15161K, committed 15616K, reserved 1048576K
}
Event: 34.341 GC heap before
{Heap before GC invocations=53 (full 0):
 garbage-first heap   total 312320K, used 257470K [0x0000000080000000, 0x0000000100000000)
  region size 1024K, 19 young (19456K), 2 survivors (2048K)
 Metaspace       used 114589K, capacity 117321K, committed 118608K, reserved 1153024K
  class space    used 14136K, capacity 15161K, committed 15616K, reserved 1048576K
}
Event: 34.349 GC heap after
{Heap after GC invocations=54 (full 0):
 garbage-first heap   total 312320K, used 247950K [0x0000000080000000, 0x0000000100000000)
  region size 1024K, 3 young (3072K), 3 survivors (3072K)
 Metaspace       used 114589K, capacity 117321K, committed 118608K, reserved 1153024K
  class space    used 14136K, capacity 15161K, committed 15616K, reserved 1048576K
}
Event: 34.444 GC heap before
{Heap before GC invocations=54 (full 0):
 garbage-first heap   total 312320K, used 262286K [0x0000000080000000, 0x0000000100000000)
  region size 1024K, 17 young (17408K), 3 survivors (3072K)
 Metaspace       used 114589K, capacity 117321K, committed 118608K, reserved 1153024K
  class space    used 14136K, capacity 15161K, committed 15616K, reserved 1048576K
}
Event: 34.450 GC heap after
{Heap after GC invocations=55 (full 0):
 garbage-first heap   total 312320K, used 262402K [0x0000000080000000, 0x0000000100000000)
  region size 1024K, 3 young (3072K), 3 survivors (3072K)
 Metaspace       used 114589K, capacity 117321K, committed 118608K, reserved 1153024K
  class space    used 14136K, capacity 15161K, committed 15616K, reserved 1048576K
}
Event: 34.490 GC heap before
{Heap before GC invocations=55 (full 0):
 garbage-first heap   total 312320K, used 274690K [0x0000000080000000, 0x0000000100000000)
  region size 1024K, 15 young (15360K), 3 survivors (3072K)
 Metaspace       used 114589K, capacity 117321K, committed 118608K, reserved 1153024K
  class space    used 14136K, capacity 15161K, committed 15616K, reserved 1048576K
}
Event: 34.499 GC heap after
{Heap after GC invocations=56 (full 0):
 garbage-first heap   total 312320K, used 275405K [0x0000000080000000, 0x0000000100000000)
  region size 1024K, 2 young (2048K), 2 survivors (2048K)
 Metaspace       used 114589K, capacity 117321K, committed 118608K, reserved 1153024K
  class space    used 14136K, capacity 15161K, committed 15616K, reserved 1048576K
}
Event: 34.532 GC heap before
{Heap before GC invocations=56 (full 0):
 garbage-first heap   total 312320K, used 288717K [0x0000000080000000, 0x0000000100000000)
  region size 1024K, 15 young (15360K), 2 survivors (2048K)
 Metaspace       used 114589K, capacity 117321K, committed 118608K, reserved 1153024K
  class space    used 14136K, capacity 15161K, committed 15616K, reserved 1048576K
}

