# JRE version: OpenJDK Runtime Environment (11.0.13) (build 11.0.13+0-b1751.21-8125866)
# Java VM: OpenJDK 64-Bit Server VM (11.0.13+0-b1751.21-8125866, mixed mode, tiered, compressed oops, g1 gc, windows-amd64)
Heap:
 garbage-first heap   total 312320K, used 212407K [0x0000000080000000, 0x0000000100000000)
  region size 1024K, 13 young (13312K), 4 survivors (4096K)
 Metaspace       used 117530K, capacity 120377K, committed 122012K, reserved 1155072K
  class space    used 15012K, capacity 16053K, committed 16620K, reserved 1048576K
GC Heap History (20 events):
Event: 24.070 GC heap before
{Heap before GC invocations=38 (full 0):
 garbage-first heap   total 260096K, used 220446K [0x0000000080000000, 0x0000000100000000)
  region size 1024K, 38 young (38912K), 5 survivors (5120K)
 Metaspace       used 107289K, capacity 109993K, committed 112028K, reserved 1146880K
  class space    used 13716K, capacity 14661K, committed 15340K, reserved 1048576K
}
Event: 24.077 GC heap after
{Heap after GC invocations=39 (full 0):
 garbage-first heap   total 260096K, used 190020K [0x0000000080000000, 0x0000000100000000)
  region size 1024K, 5 young (5120K), 5 survivors (5120K)
 Metaspace       used 107289K, capacity 109993K, committed 112028K, reserved 1146880K
  class space    used 13716K, capacity 14661K, committed 15340K, reserved 1048576K
}
Event: 24.515 GC heap before
{Heap before GC invocations=40 (full 0):
 garbage-first heap   total 260096K, used 220740K [0x0000000080000000, 0x0000000100000000)
  region size 1024K, 36 young (36864K), 5 survivors (5120K)
 Metaspace       used 107621K, capacity 110320K, committed 112412K, reserved 1146880K
  class space    used 13751K, capacity 14704K, committed 15468K, reserved 1048576K
}
Event: 24.521 GC heap after
{Heap after GC invocations=41 (full 0):
 garbage-first heap   total 260096K, used 192753K [0x0000000080000000, 0x0000000100000000)
  region size 1024K, 5 young (5120K), 5 survivors (5120K)
 Metaspace       used 107621K, capacity 110320K, committed 112412K, reserved 1146880K
  class space    used 13751K, capacity 14704K, committed 15468K, reserved 1048576K
}
Event: 24.756 GC heap before
{Heap before GC invocations=41 (full 0):
 garbage-first heap   total 260096K, used 220401K [0x0000000080000000, 0x0000000100000000)
  region size 1024K, 33 young (33792K), 5 survivors (5120K)
 Metaspace       used 107674K, capacity 110398K, committed 112412K, reserved 1146880K
  class space    used 13755K, capacity 14708K, committed 15468K, reserved 1048576K
}
Event: 24.760 GC heap after
{Heap after GC invocations=42 (full 0):
 garbage-first heap   total 260096K, used 194870K [0x0000000080000000, 0x0000000100000000)
  region size 1024K, 5 young (5120K), 5 survivors (5120K)
 Metaspace       used 107674K, capacity 110398K, committed 112412K, reserved 1146880K
  class space    used 13755K, capacity 14708K, committed 15468K, reserved 1048576K
}
Event: 25.205 GC heap before
{Heap before GC invocations=43 (full 0):
 garbage-first heap   total 260096K, used 221494K [0x0000000080000000, 0x0000000100000000)
  region size 1024K, 31 young (31744K), 5 survivors (5120K)
 Metaspace       used 110686K, capacity 113509K, committed 115356K, reserved 1148928K
  class space    used 14167K, capacity 15162K, committed 15852K, reserved 1048576K
}
Event: 25.209 GC heap after
{Heap after GC invocations=44 (full 0):
 garbage-first heap   total 260096K, used 196672K [0x0000000080000000, 0x0000000100000000)
  region size 1024K, 3 young (3072K), 3 survivors (3072K)
 Metaspace       used 110686K, capacity 113509K, committed 115356K, reserved 1148928K
  class space    used 14167K, capacity 15162K, committed 15852K, reserved 1048576K
}
Event: 25.311 GC heap before
{Heap before GC invocations=44 (full 0):
 garbage-first heap   total 260096K, used 205888K [0x0000000080000000, 0x0000000100000000)
  region size 1024K, 12 young (12288K), 3 survivors (3072K)
 Metaspace       used 111110K, capacity 113960K, committed 115612K, reserved 1148928K
  class space    used 14247K, capacity 15268K, committed 15852K, reserved 1048576K
}
Event: 25.316 GC heap after
{Heap after GC invocations=45 (full 0):
 garbage-first heap   total 260096K, used 195302K [0x0000000080000000, 0x0000000100000000)
  region size 1024K, 1 young (1024K), 1 survivors (1024K)
 Metaspace       used 111110K, capacity 113960K, committed 115612K, reserved 1148928K
  class space    used 14247K, capacity 15268K, committed 15852K, reserved 1048576K
}
Event: 25.571 GC heap before
{Heap before GC invocations=45 (full 0):
 garbage-first heap   total 260096K, used 222950K [0x0000000080000000, 0x0000000100000000)
  region size 1024K, 28 young (28672K), 1 survivors (1024K)
 Metaspace       used 111713K, capacity 114641K, committed 116124K, reserved 1148928K
  class space    used 14320K, capacity 15339K, committed 15852K, reserved 1048576K
}
Event: 25.576 GC heap after
{Heap after GC invocations=46 (full 0):
 garbage-first heap   total 260096K, used 197222K [0x0000000080000000, 0x0000000100000000)
  region size 1024K, 3 young (3072K), 3 survivors (3072K)
 Metaspace       used 111713K, capacity 114641K, committed 116124K, reserved 1148928K
  class space    used 14320K, capacity 15339K, committed 15852K, reserved 1048576K
}
Event: 25.703 GC heap before
{Heap before GC invocations=46 (full 0):
 garbage-first heap   total 260096K, used 222822K [0x0000000080000000, 0x0000000100000000)
  region size 1024K, 29 young (29696K), 3 survivors (3072K)
 Metaspace       used 111941K, capacity 114839K, committed 116508K, reserved 1150976K
  class space    used 14354K, capacity 15404K, committed 15980K, reserved 1048576K
}
Event: 25.708 GC heap after
{Heap after GC invocations=47 (full 0):
 garbage-first heap   total 260096K, used 201078K [0x0000000080000000, 0x0000000100000000)
  region size 1024K, 4 young (4096K), 4 survivors (4096K)
 Metaspace       used 111941K, capacity 114839K, committed 116508K, reserved 1150976K
  class space    used 14354K, capacity 15404K, committed 15980K, reserved 1048576K
}
Event: 25.979 GC heap before
{Heap before GC invocations=48 (full 0):
 garbage-first heap   total 260096K, used 224630K [0x0000000080000000, 0x0000000100000000)
  region size 1024K, 27 young (27648K), 4 survivors (4096K)
 Metaspace       used 113538K, capacity 116471K, committed 118044K, reserved 1150976K
  class space    used 14573K, capacity 15628K, committed 16236K, reserved 1048576K
}
Event: 25.984 GC heap after
{Heap after GC invocations=49 (full 0):
 garbage-first heap   total 312320K, used 202100K [0x0000000080000000, 0x0000000100000000)
  region size 1024K, 1 young (1024K), 1 survivors (1024K)
 Metaspace       used 113538K, capacity 116471K, committed 118044K, reserved 1150976K
  class space    used 14573K, capacity 15628K, committed 16236K, reserved 1048576K
}
Event: 26.149 GC heap before
{Heap before GC invocations=49 (full 0):
 garbage-first heap   total 312320K, used 216436K [0x0000000080000000, 0x0000000100000000)
  region size 1024K, 15 young (15360K), 1 survivors (1024K)
 Metaspace       used 114639K, capacity 117559K, committed 119196K, reserved 1153024K
  class space    used 14708K, capacity 15756K, committed 16364K, reserved 1048576K
}
Event: 26.151 GC heap after
{Heap after GC invocations=50 (full 0):
 garbage-first heap   total 312320K, used 201966K [0x0000000080000000, 0x0000000100000000)
  region size 1024K, 1 young (1024K), 1 survivors (1024K)
 Metaspace       used 114639K, capacity 117559K, committed 119196K, reserved 1153024K
  class space    used 14708K, capacity 15756K, committed 16364K, reserved 1048576K
}
Event: 26.694 GC heap before
{Heap before GC invocations=50 (full 0):
 garbage-first heap   total 312320K, used 243950K [0x0000000080000000, 0x0000000100000000)
  region size 1024K, 42 young (43008K), 1 survivors (1024K)
 Metaspace       used 117488K, capacity 120371K, committed 122012K, reserved 1155072K
  class space    used 15010K, capacity 16052K, committed 16620K, reserved 1048576K
}
Event: 26.699 GC heap after
{Heap after GC invocations=51 (full 0):
 garbage-first heap   total 312320K, used 205239K [0x0000000080000000, 0x0000000100000000)
  region size 1024K, 4 young (4096K), 4 survivors (4096K)
 Metaspace       used 117488K, capacity 120371K, committed 122012K, reserved 1155072K
  class space    used 15010K, capacity 16052K, committed 16620K, reserved 1048576K
}

