# JRE version: OpenJDK Runtime Environment (11.0.13) (build 11.0.13+0-b1751.21-8125866)
# Java VM: OpenJDK 64-Bit Server VM (11.0.13+0-b1751.21-8125866, mixed mode, tiered, compressed oops, g1 gc, windows-amd64)
Heap:
 garbage-first heap   total 349184K, used 196845K [0x0000000080000000, 0x0000000100000000)
  region size 1024K, 2 young (2048K), 2 survivors (2048K)
 Metaspace       used 109626K, capacity 112690K, committed 114480K, reserved 1148928K
  class space    used 13925K, capacity 15027K, committed 15744K, reserved 1048576K
GC Heap History (20 events):
Event: 46.441 GC heap after
{Heap after GC invocations=36 (full 0):
 garbage-first heap   total 260096K, used 187556K [0x0000000080000000, 0x0000000100000000)
  region size 1024K, 5 young (5120K), 5 survivors (5120K)
 Metaspace       used 109873K, capacity 113594K, committed 113840K, reserved 1146880K
  class space    used 14215K, capacity 15587K, committed 15616K, reserved 1048576K
}
Event: 46.616 GC heap before
{Heap before GC invocations=36 (full 0):
 garbage-first heap   total 260096K, used 220324K [0x0000000080000000, 0x0000000100000000)
  region size 1024K, 38 young (38912K), 5 survivors (5120K)
 Metaspace       used 109630K, capacity 113110K, committed 113840K, reserved 1146880K
  class space    used 14111K, capacity 15399K, committed 15616K, reserved 1048576K
}
Event: 46.619 GC heap after
{Heap after GC invocations=37 (full 0):
 garbage-first heap   total 260096K, used 189577K [0x0000000080000000, 0x0000000100000000)
  region size 1024K, 5 young (5120K), 5 survivors (5120K)
 Metaspace       used 109630K, capacity 113110K, committed 113840K, reserved 1146880K
  class space    used 14111K, capacity 15399K, committed 15616K, reserved 1048576K
}
Event: 46.698 GC heap before
{Heap before GC invocations=38 (full 0):
 garbage-first heap   total 260096K, used 220297K [0x0000000080000000, 0x0000000100000000)
  region size 1024K, 36 young (36864K), 5 survivors (5120K)
 Metaspace       used 109748K, capacity 113326K, committed 114096K, reserved 1148928K
  class space    used 14111K, capacity 15399K, committed 15616K, reserved 1048576K
}
Event: 46.703 GC heap after
{Heap after GC invocations=39 (full 0):
 garbage-first heap   total 260096K, used 191374K [0x0000000080000000, 0x0000000100000000)
  region size 1024K, 5 young (5120K), 5 survivors (5120K)
 Metaspace       used 109748K, capacity 113326K, committed 114096K, reserved 1148928K
  class space    used 14111K, capacity 15399K, committed 15616K, reserved 1048576K
}
Event: 46.726 GC heap before
{Heap before GC invocations=39 (full 0):
 garbage-first heap   total 260096K, used 197518K [0x0000000080000000, 0x0000000100000000)
  region size 1024K, 12 young (12288K), 5 survivors (5120K)
 Metaspace       used 109752K, capacity 113328K, committed 114096K, reserved 1148928K
  class space    used 14111K, capacity 15399K, committed 15616K, reserved 1048576K
}
Event: 46.730 GC heap after
{Heap after GC invocations=40 (full 0):
 garbage-first heap   total 260096K, used 188565K [0x0000000080000000, 0x0000000100000000)
  region size 1024K, 2 young (2048K), 2 survivors (2048K)
 Metaspace       used 109752K, capacity 113328K, committed 114096K, reserved 1148928K
  class space    used 14111K, capacity 15399K, committed 15616K, reserved 1048576K
}
Event: 46.857 GC heap before
{Heap before GC invocations=40 (full 0):
 garbage-first heap   total 260096K, used 220309K [0x0000000080000000, 0x0000000100000000)
  region size 1024K, 34 young (34816K), 2 survivors (2048K)
 Metaspace       used 109879K, capacity 113360K, committed 114096K, reserved 1148928K
  class space    used 14115K, capacity 15401K, committed 15616K, reserved 1048576K
}
Event: 46.861 GC heap after
{Heap after GC invocations=41 (full 0):
 garbage-first heap   total 260096K, used 191611K [0x0000000080000000, 0x0000000100000000)
  region size 1024K, 5 young (5120K), 5 survivors (5120K)
 Metaspace       used 109879K, capacity 113360K, committed 114096K, reserved 1148928K
  class space    used 14115K, capacity 15401K, committed 15616K, reserved 1048576K
}
Event: 46.997 GC heap before
{Heap before GC invocations=41 (full 0):
 garbage-first heap   total 260096K, used 220283K [0x0000000080000000, 0x0000000100000000)
  region size 1024K, 34 young (34816K), 5 survivors (5120K)
 Metaspace       used 109158K, capacity 112215K, committed 114096K, reserved 1148928K
  class space    used 13879K, capacity 14983K, committed 15616K, reserved 1048576K
}
Event: 47.026 GC heap after
{Heap after GC invocations=42 (full 0):
 garbage-first heap   total 260096K, used 192871K [0x0000000080000000, 0x0000000100000000)
  region size 1024K, 4 young (4096K), 4 survivors (4096K)
 Metaspace       used 109158K, capacity 112215K, committed 114096K, reserved 1148928K
  class space    used 13879K, capacity 14983K, committed 15616K, reserved 1048576K
}
Event: 47.173 GC heap before
{Heap before GC invocations=43 (full 0):
 garbage-first heap   total 260096K, used 221543K [0x0000000080000000, 0x0000000100000000)
  region size 1024K, 33 young (33792K), 4 survivors (4096K)
 Metaspace       used 109310K, capacity 112299K, committed 114096K, reserved 1148928K
  class space    used 13890K, capacity 14984K, committed 15616K, reserved 1048576K
}
Event: 47.177 GC heap after
{Heap after GC invocations=44 (full 0):
 garbage-first heap   total 260096K, used 194580K [0x0000000080000000, 0x0000000100000000)
  region size 1024K, 5 young (5120K), 5 survivors (5120K)
 Metaspace       used 109310K, capacity 112299K, committed 114096K, reserved 1148928K
  class space    used 13890K, capacity 14984K, committed 15616K, reserved 1048576K
}
Event: 47.195 GC heap before
{Heap before GC invocations=44 (full 0):
 garbage-first heap   total 260096K, used 200724K [0x0000000080000000, 0x0000000100000000)
  region size 1024K, 12 young (12288K), 5 survivors (5120K)
 Metaspace       used 109311K, capacity 112299K, committed 114096K, reserved 1148928K
  class space    used 13890K, capacity 14984K, committed 15616K, reserved 1048576K
}
Event: 47.200 GC heap after
{Heap after GC invocations=45 (full 0):
 garbage-first heap   total 260096K, used 193142K [0x0000000080000000, 0x0000000100000000)
  region size 1024K, 2 young (2048K), 2 survivors (2048K)
 Metaspace       used 109311K, capacity 112299K, committed 114096K, reserved 1148928K
  class space    used 13890K, capacity 14984K, committed 15616K, reserved 1048576K
}
Event: 47.251 GC heap before
{Heap before GC invocations=45 (full 0):
 garbage-first heap   total 260096K, used 220790K [0x0000000080000000, 0x0000000100000000)
  region size 1024K, 30 young (30720K), 2 survivors (2048K)
 Metaspace       used 109313K, capacity 112299K, committed 114096K, reserved 1148928K
  class space    used 13890K, capacity 14984K, committed 15616K, reserved 1048576K
}
Event: 47.256 GC heap after
{Heap after GC invocations=46 (full 0):
 garbage-first heap   total 260096K, used 196663K [0x0000000080000000, 0x0000000100000000)
  region size 1024K, 4 young (4096K), 4 survivors (4096K)
 Metaspace       used 109313K, capacity 112299K, committed 114096K, reserved 1148928K
  class space    used 13890K, capacity 14984K, committed 15616K, reserved 1048576K
}
Event: 47.485 GC heap before
{Heap before GC invocations=47 (full 0):
 garbage-first heap   total 260096K, used 222263K [0x0000000080000000, 0x0000000100000000)
  region size 1024K, 29 young (29696K), 4 survivors (4096K)
 Metaspace       used 109626K, capacity 112690K, committed 114480K, reserved 1148928K
  class space    used 13925K, capacity 15027K, committed 15744K, reserved 1048576K
}
Event: 47.489 GC heap after
{Heap after GC invocations=48 (full 0):
 garbage-first heap   total 260096K, used 199703K [0x0000000080000000, 0x0000000100000000)
  region size 1024K, 4 young (4096K), 4 survivors (4096K)
 Metaspace       used 109626K, capacity 112690K, committed 114480K, reserved 1148928K
  class space    used 13925K, capacity 15027K, committed 15744K, reserved 1048576K
}
Event: 47.514 GC heap before
{Heap before GC invocations=48 (full 0):
 garbage-first heap   total 260096K, used 207895K [0x0000000080000000, 0x0000000100000000)
  region size 1024K, 12 young (12288K), 4 survivors (4096K)
 Metaspace       used 109626K, capacity 112690K, committed 114480K, reserved 1148928K
  class space    used 13925K, capacity 15027K, committed 15744K, reserved 1048576K
}

