# JRE version: OpenJDK Runtime Environment (11.0.13) (build 11.0.13+0-b1751.21-8125866)
# Java VM: OpenJDK 64-Bit Server VM (11.0.13+0-b1751.21-8125866, mixed mode, tiered, compressed oops, g1 gc, windows-amd64)
Heap:
 garbage-first heap   total 264192K, used 205730K [0x0000000080000000, 0x0000000100000000)
  region size 1024K, 34 young (34816K), 7 survivors (7168K)
 Metaspace       used 108642K, capacity 111086K, committed 112464K, reserved 1146880K
  class space    used 13448K, capacity 14400K, committed 14848K, reserved 1048576K
GC Heap History (20 events):
Event: 34.316 GC heap before
{Heap before GC invocations=37 (full 0):
 garbage-first heap   total 264192K, used 202561K [0x0000000080000000, 0x0000000100000000)
  region size 1024K, 76 young (77824K), 7 survivors (7168K)
 Metaspace       used 101365K, capacity 103601K, committed 105424K, reserved 1140736K
  class space    used 12516K, capacity 13361K, committed 13952K, reserved 1048576K
}
Event: 34.321 GC heap after
{Heap after GC invocations=38 (full 0):
 garbage-first heap   total 264192K, used 130286K [0x0000000080000000, 0x0000000100000000)
  region size 1024K, 3 young (3072K), 3 survivors (3072K)
 Metaspace       used 101365K, capacity 103601K, committed 105424K, reserved 1140736K
  class space    used 12516K, capacity 13361K, committed 13952K, reserved 1048576K
}
Event: 34.337 GC heap before
{Heap before GC invocations=38 (full 0):
 garbage-first heap   total 264192K, used 138478K [0x0000000080000000, 0x0000000100000000)
  region size 1024K, 12 young (12288K), 3 survivors (3072K)
 Metaspace       used 101454K, capacity 103697K, committed 105552K, reserved 1140736K
  class space    used 12532K, capacity 13393K, committed 14080K, reserved 1048576K
}
Event: 34.340 GC heap after
{Heap after GC invocations=39 (full 0):
 garbage-first heap   total 264192K, used 129494K [0x0000000080000000, 0x0000000100000000)
  region size 1024K, 2 young (2048K), 2 survivors (2048K)
 Metaspace       used 101454K, capacity 103697K, committed 105552K, reserved 1140736K
  class space    used 12532K, capacity 13393K, committed 14080K, reserved 1048576K
}
Event: 36.437 GC heap before
{Heap before GC invocations=39 (full 0):
 garbage-first heap   total 264192K, used 204246K [0x0000000080000000, 0x0000000100000000)
  region size 1024K, 76 young (77824K), 2 survivors (2048K)
 Metaspace       used 102445K, capacity 104811K, committed 106704K, reserved 1142784K
  class space    used 12639K, capacity 13527K, committed 14208K, reserved 1048576K
}
Event: 36.443 GC heap after
{Heap after GC invocations=40 (full 0):
 garbage-first heap   total 264192K, used 134954K [0x0000000080000000, 0x0000000100000000)
  region size 1024K, 8 young (8192K), 8 survivors (8192K)
 Metaspace       used 102445K, capacity 104811K, committed 106704K, reserved 1142784K
  class space    used 12639K, capacity 13527K, committed 14208K, reserved 1048576K
}
Event: 37.272 GC heap before
{Heap before GC invocations=41 (full 0):
 garbage-first heap   total 264192K, used 206634K [0x0000000080000000, 0x0000000100000000)
  region size 1024K, 80 young (81920K), 8 survivors (8192K)
 Metaspace       used 105054K, capacity 107414K, committed 109264K, reserved 1144832K
  class space    used 12977K, capacity 13859K, committed 14464K, reserved 1048576K
}
Event: 37.277 GC heap after
{Heap after GC invocations=42 (full 0):
 garbage-first heap   total 264192K, used 134418K [0x0000000080000000, 0x0000000100000000)
  region size 1024K, 2 young (2048K), 2 survivors (2048K)
 Metaspace       used 105054K, capacity 107414K, committed 109264K, reserved 1144832K
  class space    used 12977K, capacity 13859K, committed 14464K, reserved 1048576K
}
Event: 37.385 GC heap before
{Heap before GC invocations=42 (full 0):
 garbage-first heap   total 264192K, used 143634K [0x0000000080000000, 0x0000000100000000)
  region size 1024K, 12 young (12288K), 2 survivors (2048K)
 Metaspace       used 105798K, capacity 108150K, committed 109904K, reserved 1144832K
  class space    used 13069K, capacity 13955K, committed 14592K, reserved 1048576K
}
Event: 37.388 GC heap after
{Heap after GC invocations=43 (full 0):
 garbage-first heap   total 264192K, used 118851K [0x0000000080000000, 0x0000000100000000)
  region size 1024K, 1 young (1024K), 1 survivors (1024K)
 Metaspace       used 105798K, capacity 108150K, committed 109904K, reserved 1144832K
  class space    used 13069K, capacity 13955K, committed 14592K, reserved 1048576K
}
Event: 38.552 GC heap before
{Heap before GC invocations=43 (full 0):
 garbage-first heap   total 264192K, used 209987K [0x0000000080000000, 0x0000000100000000)
  region size 1024K, 88 young (90112K), 1 survivors (1024K)
 Metaspace       used 106474K, capacity 108870K, committed 110672K, reserved 1144832K
  class space    used 13125K, capacity 14022K, committed 14592K, reserved 1048576K
}
Event: 38.558 GC heap after
{Heap after GC invocations=44 (full 0):
 garbage-first heap   total 264192K, used 127905K [0x0000000080000000, 0x0000000100000000)
  region size 1024K, 10 young (10240K), 10 survivors (10240K)
 Metaspace       used 106474K, capacity 108870K, committed 110672K, reserved 1144832K
  class space    used 13125K, capacity 14022K, committed 14592K, reserved 1048576K
}
Event: 38.738 GC heap before
{Heap before GC invocations=44 (full 0):
 garbage-first heap   total 264192K, used 209825K [0x0000000080000000, 0x0000000100000000)
  region size 1024K, 91 young (93184K), 10 survivors (10240K)
 Metaspace       used 106498K, capacity 108870K, committed 110672K, reserved 1144832K
  class space    used 13127K, capacity 14022K, committed 14592K, reserved 1048576K
}
Event: 38.745 GC heap after
{Heap after GC invocations=45 (full 0):
 garbage-first heap   total 264192K, used 132352K [0x0000000080000000, 0x0000000100000000)
  region size 1024K, 8 young (8192K), 8 survivors (8192K)
 Metaspace       used 106498K, capacity 108870K, committed 110672K, reserved 1144832K
  class space    used 13127K, capacity 14022K, committed 14592K, reserved 1048576K
}
Event: 38.951 GC heap before
{Heap before GC invocations=45 (full 0):
 garbage-first heap   total 264192K, used 212224K [0x0000000080000000, 0x0000000100000000)
  region size 1024K, 88 young (90112K), 8 survivors (8192K)
 Metaspace       used 107574K, capacity 110044K, committed 111568K, reserved 1146880K
  class space    used 13295K, capacity 14241K, committed 14720K, reserved 1048576K
}
Event: 38.957 GC heap after
{Heap after GC invocations=46 (full 0):
 garbage-first heap   total 264192K, used 154477K [0x0000000080000000, 0x0000000100000000)
  region size 1024K, 11 young (11264K), 11 survivors (11264K)
 Metaspace       used 107574K, capacity 110044K, committed 111568K, reserved 1146880K
  class space    used 13295K, capacity 14241K, committed 14720K, reserved 1048576K
}
Event: 39.007 GC heap before
{Heap before GC invocations=46 (full 0):
 garbage-first heap   total 264192K, used 210797K [0x0000000080000000, 0x0000000100000000)
  region size 1024K, 67 young (68608K), 11 survivors (11264K)
 Metaspace       used 107982K, capacity 110396K, committed 111952K, reserved 1146880K
  class space    used 13348K, capacity 14273K, committed 14848K, reserved 1048576K
}
Event: 39.011 GC heap after
{Heap after GC invocations=47 (full 0):
 garbage-first heap   total 264192K, used 170413K [0x0000000080000000, 0x0000000100000000)
  region size 1024K, 9 young (9216K), 9 survivors (9216K)
 Metaspace       used 107982K, capacity 110396K, committed 111952K, reserved 1146880K
  class space    used 13348K, capacity 14273K, committed 14848K, reserved 1048576K
}
Event: 39.062 GC heap before
{Heap before GC invocations=47 (full 0):
 garbage-first heap   total 264192K, used 212397K [0x0000000080000000, 0x0000000100000000)
  region size 1024K, 51 young (52224K), 9 survivors (9216K)
 Metaspace       used 108253K, capacity 110716K, committed 112208K, reserved 1146880K
  class space    used 13384K, capacity 14337K, committed 14848K, reserved 1048576K
}
Event: 39.066 GC heap after
{Heap after GC invocations=48 (full 0):
 garbage-first heap   total 264192K, used 180130K [0x0000000080000000, 0x0000000100000000)
  region size 1024K, 7 young (7168K), 7 survivors (7168K)
 Metaspace       used 108253K, capacity 110716K, committed 112208K, reserved 1146880K
  class space    used 13384K, capacity 14337K, committed 14848K, reserved 1048576K
}

