# JRE version: OpenJDK Runtime Environment (11.0.13) (build 11.0.13+0-b1751.21-8125866)
# Java VM: OpenJDK 64-Bit Server VM (11.0.13+0-b1751.21-8125866, mixed mode, tiered, compressed oops, g1 gc, windows-amd64)
Heap:
 garbage-first heap   total 312320K, used 235218K [0x0000000080000000, 0x0000000100000000)
  region size 1024K, 14 young (14336K), 1 survivors (1024K)
 Metaspace       used 108461K, capacity 111057K, committed 112212K, reserved 1146880K
  class space    used 13450K, capacity 14403K, committed 14852K, reserved 1048576K
GC Heap History (20 events):
Event: 26.029 GC heap before
{Heap before GC invocations=34 (full 0):
 garbage-first heap   total 260096K, used 201292K [0x0000000080000000, 0x0000000100000000)
  region size 1024K, 46 young (47104K), 5 survivors (5120K)
 Metaspace       used 103215K, capacity 105710K, committed 107220K, reserved 1142784K
  class space    used 12760K, capacity 13673K, committed 14212K, reserved 1048576K
}
Event: 26.041 GC heap after
{Heap after GC invocations=35 (full 0):
 garbage-first heap   total 260096K, used 188662K [0x0000000080000000, 0x0000000100000000)
  region size 1024K, 6 young (6144K), 6 survivors (6144K)
 Metaspace       used 103215K, capacity 105710K, committed 107220K, reserved 1142784K
  class space    used 12760K, capacity 13673K, committed 14212K, reserved 1048576K
}
Event: 26.143 GC heap before
{Heap before GC invocations=35 (full 0):
 garbage-first heap   total 260096K, used 209142K [0x0000000080000000, 0x0000000100000000)
  region size 1024K, 26 young (26624K), 6 survivors (6144K)
 Metaspace       used 103215K, capacity 105710K, committed 107220K, reserved 1142784K
  class space    used 12760K, capacity 13673K, committed 14212K, reserved 1048576K
}
Event: 26.154 GC heap after
{Heap after GC invocations=36 (full 0):
 garbage-first heap   total 260096K, used 204767K [0x0000000080000000, 0x0000000100000000)
  region size 1024K, 4 young (4096K), 4 survivors (4096K)
 Metaspace       used 103215K, capacity 105710K, committed 107220K, reserved 1142784K
  class space    used 12760K, capacity 13673K, committed 14212K, reserved 1048576K
}
Event: 26.267 GC heap before
{Heap before GC invocations=36 (full 0):
 garbage-first heap   total 260096K, used 217055K [0x0000000080000000, 0x0000000100000000)
  region size 1024K, 16 young (16384K), 4 survivors (4096K)
 Metaspace       used 103710K, capacity 106158K, committed 107476K, reserved 1142784K
  class space    used 12818K, capacity 13737K, committed 14212K, reserved 1048576K
}
Event: 26.272 GC heap after
{Heap after GC invocations=37 (full 0):
 garbage-first heap   total 260096K, used 211968K [0x0000000080000000, 0x0000000100000000)
  region size 1024K, 2 young (2048K), 2 survivors (2048K)
 Metaspace       used 103710K, capacity 106158K, committed 107476K, reserved 1142784K
  class space    used 12818K, capacity 13737K, committed 14212K, reserved 1048576K
}
Event: 26.358 GC heap before
{Heap before GC invocations=37 (full 0):
 garbage-first heap   total 260096K, used 222208K [0x0000000080000000, 0x0000000100000000)
  region size 1024K, 12 young (12288K), 2 survivors (2048K)
 Metaspace       used 103711K, capacity 106222K, committed 107476K, reserved 1142784K
  class space    used 12818K, capacity 13737K, committed 14212K, reserved 1048576K
}
Event: 26.361 GC heap after
{Heap after GC invocations=38 (full 0):
 garbage-first heap   total 260096K, used 215195K [0x0000000080000000, 0x0000000100000000)
  region size 1024K, 2 young (2048K), 2 survivors (2048K)
 Metaspace       used 103711K, capacity 106222K, committed 107476K, reserved 1142784K
  class space    used 12818K, capacity 13737K, committed 14212K, reserved 1048576K
}
Event: 26.441 GC heap before
{Heap before GC invocations=38 (full 0):
 garbage-first heap   total 260096K, used 225435K [0x0000000080000000, 0x0000000100000000)
  region size 1024K, 12 young (12288K), 2 survivors (2048K)
 Metaspace       used 103730K, capacity 106286K, committed 107732K, reserved 1142784K
  class space    used 12820K, capacity 13737K, committed 14212K, reserved 1048576K
}
Event: 26.443 GC heap after
{Heap after GC invocations=39 (full 0):
 garbage-first heap   total 260096K, used 217620K [0x0000000080000000, 0x0000000100000000)
  region size 1024K, 2 young (2048K), 2 survivors (2048K)
 Metaspace       used 103730K, capacity 106286K, committed 107732K, reserved 1142784K
  class space    used 12820K, capacity 13737K, committed 14212K, reserved 1048576K
}
Event: 26.667 GC heap before
{Heap before GC invocations=40 (full 0):
 garbage-first heap   total 260096K, used 226836K [0x0000000080000000, 0x0000000100000000)
  region size 1024K, 12 young (12288K), 2 survivors (2048K)
 Metaspace       used 104934K, capacity 107424K, committed 108628K, reserved 1144832K
  class space    used 12985K, capacity 13902K, committed 14340K, reserved 1048576K
}
Event: 26.669 GC heap after
{Heap after GC invocations=41 (full 0):
 garbage-first heap   total 260096K, used 218575K [0x0000000080000000, 0x0000000100000000)
  region size 1024K, 1 young (1024K), 1 survivors (1024K)
 Metaspace       used 104934K, capacity 107424K, committed 108628K, reserved 1144832K
  class space    used 12985K, capacity 13902K, committed 14340K, reserved 1048576K
}
Event: 26.913 GC heap before
{Heap before GC invocations=41 (full 0):
 garbage-first heap   total 260096K, used 230863K [0x0000000080000000, 0x0000000100000000)
  region size 1024K, 12 young (12288K), 1 survivors (1024K)
 Metaspace       used 106370K, capacity 108868K, committed 110164K, reserved 1144832K
  class space    used 13195K, capacity 14102K, committed 14596K, reserved 1048576K
}
Event: 26.915 GC heap after
{Heap after GC invocations=42 (full 0):
 garbage-first heap   total 260096K, used 223070K [0x0000000080000000, 0x0000000100000000)
  region size 1024K, 2 young (2048K), 2 survivors (2048K)
 Metaspace       used 106370K, capacity 108868K, committed 110164K, reserved 1144832K
  class space    used 13195K, capacity 14102K, committed 14596K, reserved 1048576K
}
Event: 27.071 GC heap before
{Heap before GC invocations=42 (full 0):
 garbage-first heap   total 260096K, used 229214K [0x0000000080000000, 0x0000000100000000)
  region size 1024K, 9 young (9216K), 2 survivors (2048K)
 Metaspace       used 107415K, capacity 110009K, committed 111444K, reserved 1146880K
  class space    used 13355K, capacity 14333K, committed 14852K, reserved 1048576K
}
Event: 27.074 GC heap after
{Heap after GC invocations=43 (full 0):
 garbage-first heap   total 260096K, used 224090K [0x0000000080000000, 0x0000000100000000)
  region size 1024K, 1 young (1024K), 1 survivors (1024K)
 Metaspace       used 107415K, capacity 110009K, committed 111444K, reserved 1146880K
  class space    used 13355K, capacity 14333K, committed 14852K, reserved 1048576K
}
Event: 27.391 GC heap before
{Heap before GC invocations=44 (full 0):
 garbage-first heap   total 260096K, used 236378K [0x0000000080000000, 0x0000000100000000)
  region size 1024K, 12 young (12288K), 1 survivors (1024K)
 Metaspace       used 108375K, capacity 110991K, committed 112212K, reserved 1146880K
  class space    used 13450K, capacity 14403K, committed 14852K, reserved 1048576K
}
Event: 27.394 GC heap after
{Heap after GC invocations=45 (full 0):
 garbage-first heap   total 260096K, used 225497K [0x0000000080000000, 0x0000000100000000)
  region size 1024K, 2 young (2048K), 2 survivors (2048K)
 Metaspace       used 108375K, capacity 110991K, committed 112212K, reserved 1146880K
  class space    used 13450K, capacity 14403K, committed 14852K, reserved 1048576K
}
Event: 27.472 GC heap before
{Heap before GC invocations=45 (full 0):
 garbage-first heap   total 260096K, used 235737K [0x0000000080000000, 0x0000000100000000)
  region size 1024K, 12 young (12288K), 2 survivors (2048K)
 Metaspace       used 108425K, capacity 111057K, committed 112212K, reserved 1146880K
  class space    used 13450K, capacity 14403K, committed 14852K, reserved 1048576K
}
Event: 27.481 GC heap after
{Heap after GC invocations=46 (full 0):
 garbage-first heap   total 312320K, used 222930K [0x0000000080000000, 0x0000000100000000)
  region size 1024K, 1 young (1024K), 1 survivors (1024K)
 Metaspace       used 108425K, capacity 111057K, committed 112212K, reserved 1146880K
  class space    used 13450K, capacity 14403K, committed 14852K, reserved 1048576K
}

